 #TITLE:PPP                                                                     
  
 PPP Hamiltonian to be used
 Along with Ohno parameterization
 STANDARD OHNO PARAMETERS ARE BEING USED
 U=  11.1300
 r0=   1.2786
 Dielectric Constant =   1.0000
 The system is uncharged
 Total no. of atoms/cell:  13
 UHF Calculations will be performed
 nalpha,nbeta           7           6
 Files will be written for subsequent CI calculations
 For correlation treatment Alpha-type orbitals will be used
 dipole matrix elements file will be created
 Orbitals will be printed in the output file
 Total no. of unit cells:   1
 Total no. of sites:  13
 Total no. of electrons:  13
 Convergence Threshold:    0.0000000100
 Maximum number of iterations:   1000
 done with input
  
Site #     X-Coord     Y-Coord    Z-coord
  
    1     -1.21240    -2.10000     0.00000
    2     -2.42480    -1.40000     0.00000
    3     -2.42480     0.00000     0.00000
    4     -1.21240     0.70000     0.00000
    5      0.00000     0.00000     0.00000
    6      0.00000    -1.40000     0.00000
    7      1.21240    -2.10000     0.00000
    8      1.21240     0.70000     0.00000
    9      2.42480     0.00000     0.00000
   10      2.42480    -1.40000     0.00000
   11     -1.21240     2.10000     0.00000
   12      1.21240     2.10000     0.00000
   13      0.00000     2.80000     0.00000
  
           1
 Entering routine SCF
  
 Itr(i)     E(scf)        Ediff1(i-1)       Ediff2(i)       Evldiff(i)
  
      1    0.3893867E+03   0.0000000E+00    0.1000000E+04   0.1000000E+04
      2   -0.2939383E+02  -0.4187806E+03    0.0000000E+00   0.2995601E+01
      3   -0.2955031E+02  -0.1564809E+00   -0.4187806E+03   0.1667910E+00
      4   -0.2963099E+02  -0.8067950E-01   -0.1564809E+00   0.1193976E+00
      5   -0.2967909E+02  -0.4809931E-01   -0.8067950E-01   0.8861115E-01
      6   -0.2970899E+02  -0.2989926E-01   -0.4809931E-01   0.6720171E-01
      7   -0.2972783E+02  -0.1883935E-01   -0.2989926E-01   0.5165019E-01
      8   -0.2973974E+02  -0.1191192E-01   -0.1883935E-01   0.4003632E-01
      9   -0.2974727E+02  -0.7526917E-02   -0.1191192E-01   0.3120565E-01
     10   -0.2975202E+02  -0.4745447E-02   -0.7526917E-02   0.2441081E-01
     11   -0.2975500E+02  -0.2983808E-02   -0.4745447E-02   0.1914072E-01
     12   -0.2975687E+02  -0.1871256E-02   -0.2983808E-02   0.1503147E-01
     13   -0.2975804E+02  -0.1170816E-02   -0.1871256E-02   0.1181603E-01
     14   -0.2975877E+02  -0.7311192E-03   -0.1170816E-02   0.9294140E-02
     15   -0.2975923E+02  -0.4558039E-03   -0.7311192E-03   0.7313242E-02
     16   -0.2975951E+02  -0.2837850E-03   -0.4558039E-03   0.5755797E-02
     17   -0.2975969E+02  -0.1764957E-03   -0.2837850E-03   0.4530562E-02
     18   -0.2975980E+02  -0.1096744E-03   -0.1764957E-03   0.3566338E-02
     19   -0.2975987E+02  -0.6810484E-04   -0.1096744E-03   0.2807373E-02
     20   -0.2975991E+02  -0.4226823E-04   -0.6810484E-04   0.2209912E-02
     21   -0.2975994E+02  -0.2622180E-04   -0.4226823E-04   0.1739571E-02
     22   -0.2975995E+02  -0.1626157E-04   -0.2622180E-04   0.1369302E-02
     23   -0.2975996E+02  -0.1008196E-04   -0.1626157E-04   0.1077818E-02
     24   -0.2975997E+02  -0.6249355E-05   -0.1008196E-04   0.8483619E-03
     25   -0.2975997E+02  -0.3873042E-05   -0.6249355E-05   0.6677394E-03
     26   -0.2975997E+02  -0.2400002E-05   -0.3873042E-05   0.5255622E-03
     27   -0.2975998E+02  -0.1487050E-05   -0.2400002E-05   0.4136506E-03
     28   -0.2975998E+02  -0.9213065E-06   -0.1487050E-05   0.3255643E-03
     29   -0.2975998E+02  -0.5707607E-06   -0.9213065E-06   0.2562325E-03
     30   -0.2975998E+02  -0.3535755E-06   -0.5707607E-06   0.2016635E-03
     31   -0.2975998E+02  -0.2190245E-06   -0.3535755E-06   0.1587145E-03
     32   -0.2975998E+02  -0.1356717E-06   -0.2190245E-06   0.1249115E-03
     33   -0.2975998E+02  -0.8403811E-07   -0.1356717E-06   0.9830738E-04
     34   -0.2975998E+02  -0.5205379E-07   -0.8403811E-07   0.7736910E-04
     35   -0.2975998E+02  -0.3224199E-07   -0.5205379E-07   0.6089019E-04
     36   -0.2975998E+02  -0.1997057E-07   -0.3224199E-07   0.4792099E-04
     37   -0.2975998E+02  -0.1236936E-07   -0.1997057E-07   0.3771404E-04
     38   -0.2975998E+02  -0.7661583E-08   -0.1236936E-07   0.2968107E-04
     39   -0.2975998E+02  -0.4745345E-08   -0.7661583E-08   0.2335906E-04
     40   -0.2975998E+02  -0.2939089E-08   -0.4745345E-08   0.1838360E-04
     41   -0.2975998E+02  -0.1820467E-08   -0.2939089E-08   0.1446789E-04
     42   -0.2975998E+02  -0.1127319E-08   -0.1820467E-08   0.1138622E-04
     43   -0.2975998E+02  -0.6983214E-09   -0.1127319E-08   0.8960941E-05
  
 Convergence achieved after     43 iterations
  
 Final SCF energy:     -29.759978665010
  
 Nuc-Nuc energy:     369.386748771046
  
 Eigen values from alpha spins of the Fock Matrix
  
  
              E  1
 #      1  -4.71137
 #      2  -2.72090
 #      3  -2.72089
 #      4  -0.41795
 #      5  -0.41794
 #      6  -0.05730
 #      7   2.31669
 #      8  10.84518
 #      9  10.84519
 #     10  11.25524
 #     11  13.44936
 #     12  13.44937
 #     13  15.66530
  
 Eigen values from beta spins of the Fock Matrix
  
  
              E  1
 #      1  -4.53530
 #      2  -2.31937
 #      3  -2.31936
 #      4  -0.12524
 #      5   0.28481
 #      6   0.28482
 #      7   8.81331
 #      8  11.18730
 #      9  11.54794
 #     10  11.54795
 #     11  13.85089
 #     12  13.85090
 #     13  15.84137
  
   
 Occupied Orbitals for alpha spins
   
  
           ORB_  1   ORB_  2   ORB_  3   ORB_  4   ORB_  5   ORB_  6
 Site   1   0.24390   0.37200   0.22927   0.24164   0.39520  -0.18998
 Site   2   0.18959   0.19770   0.34242  -0.16263   0.28172  -0.31471
 Site   3   0.24390   0.01255   0.43680  -0.46305  -0.01166  -0.19002
 Site   4   0.34247  -0.17918   0.31035  -0.18147  -0.31430   0.18768
 Site   5   0.42823   0.00000   0.00000  -0.00003   0.00000   0.61694
 Site   6   0.34247   0.35837   0.00000   0.36291   0.00000   0.18771
 Site   7   0.24390   0.37200  -0.22927   0.24164  -0.39520  -0.18998
 Site   8   0.34247  -0.17918  -0.31035  -0.18147   0.31430   0.18768
 Site   9   0.24390   0.01255  -0.43680  -0.46305   0.01166  -0.19002
 Site  10   0.18959   0.19770  -0.34242  -0.16263  -0.28172  -0.31471
 Site  11   0.24390  -0.38455   0.20753   0.22144  -0.40686  -0.18998
 Site  12   0.24390  -0.38455  -0.20753   0.22144   0.40686  -0.18998
 Site  13   0.18959  -0.39540   0.00000   0.32532   0.00000  -0.31468
  
           ORB_  7
 Site   1  -0.40824
 Site   2   0.00000
 Site   3   0.40825
 Site   4   0.00000
 Site   5   0.00000
 Site   6   0.00000
 Site   7   0.40824
 Site   8   0.00000
 Site   9  -0.40825
 Site  10   0.00000
 Site  11  -0.40825
 Site  12   0.40825
 Site  13   0.00000
   
 Virtual orbitals for alpha spins
   
  
           ORB_  8   ORB_  9   ORB_ 10   ORB_ 11   ORB_ 12   ORB_ 13
 Site   1   0.29078  -0.18503  -0.16027   0.20010   0.31988  -0.21307
 Site   2  -0.37572  -0.21694   0.39925  -0.40276  -0.23253   0.19733
 Site   3  -0.01487   0.34435  -0.16024   0.37707   0.01335  -0.21307
 Site   4   0.42503  -0.24538  -0.20013  -0.35248   0.20351   0.37519
 Site   5   0.00000  -0.00003   0.49751   0.00000   0.00000  -0.43414
 Site   6   0.00000   0.49080  -0.20009   0.00000  -0.40701   0.37520
 Site   7  -0.29078  -0.18503  -0.16027  -0.20010   0.31988  -0.21307
 Site   8  -0.42503  -0.24538  -0.20013   0.35248   0.20351   0.37519
 Site   9   0.01487   0.34435  -0.16024  -0.37707   0.01335  -0.21307
 Site  10   0.37572  -0.21694   0.39925   0.40276  -0.23253   0.19733
 Site  11  -0.30563  -0.15929  -0.16027   0.17697  -0.33323  -0.21307
 Site  12   0.30563  -0.15929  -0.16027  -0.17697  -0.33323  -0.21307
 Site  13   0.00000   0.43382   0.39929   0.00000   0.46507   0.19733
  
           ORB_ 14
 Site   1   0.00000
 Site   2   0.21307
 Site   3   0.19733
 Site   4   0.21307
 Site   5   0.37519
 Site   6   0.43414
 Site   7   0.37520
 Site   8   0.21307
 Site   9   0.37519
 Site  10   0.21307
 Site  11   0.19733
 Site  12   0.21307
 Site  13   0.21307
   
 Occupied Orbitals for beta spins
   
  
           ORB_  1   ORB_  2   ORB_  3   ORB_  4   ORB_  5   ORB_  6
 Site   1   0.21307   0.31988   0.20010   0.16027  -0.18503  -0.29078
 Site   2   0.19733   0.23253   0.40276   0.39925   0.21694  -0.37572
 Site   3   0.21307   0.01335   0.37707   0.16024   0.34435   0.01487
 Site   4   0.37519  -0.20351   0.35248  -0.20013   0.24538   0.42503
 Site   5   0.43414   0.00000   0.00000  -0.49751  -0.00003   0.00000
 Site   6   0.37520   0.40701   0.00000  -0.20009  -0.49080   0.00000
 Site   7   0.21307   0.31988  -0.20010   0.16027  -0.18503   0.29078
 Site   8   0.37519  -0.20351  -0.35248  -0.20013   0.24538  -0.42503
 Site   9   0.21307   0.01335  -0.37707   0.16024   0.34435  -0.01487
 Site  10   0.19733   0.23253  -0.40276   0.39925   0.21694   0.37572
 Site  11   0.21307  -0.33323   0.17697   0.16027  -0.15929   0.30563
 Site  12   0.21307  -0.33323  -0.17697   0.16027  -0.15929  -0.30563
 Site  13   0.19733  -0.46507   0.00000   0.39929  -0.43382   0.00000
   
 Virtual orbitals for beta spins
   
  
           ORB_  7   ORB_  8   ORB_  9   ORB_ 10   ORB_ 11   ORB_ 12
 Site   1   0.40824  -0.18998  -0.39520  -0.24164   0.22927  -0.37200
 Site   2   0.00000   0.31471   0.28172  -0.16263  -0.34242   0.19770
 Site   3  -0.40825  -0.19002   0.01166   0.46305   0.43680  -0.01255
 Site   4   0.00000  -0.18768  -0.31430  -0.18147  -0.31035  -0.17918
 Site   5   0.00000   0.61694   0.00000   0.00003   0.00000   0.00000
 Site   6   0.00000  -0.18771   0.00000   0.36291   0.00000   0.35837
 Site   7  -0.40824  -0.18998   0.39520  -0.24164  -0.22927  -0.37200
 Site   8   0.00000  -0.18768   0.31430  -0.18147   0.31035  -0.17918
 Site   9   0.40825  -0.19002  -0.01166   0.46305  -0.43680  -0.01255
 Site  10   0.00000   0.31471  -0.28172  -0.16263   0.34242   0.19770
 Site  11   0.40825  -0.18998   0.40686  -0.22144   0.20753   0.38455
 Site  12  -0.40825  -0.18998  -0.40686  -0.22144  -0.20753   0.38455
 Site  13   0.00000   0.31468   0.00000   0.32532   0.00000  -0.39540
 Done with SCF calculations
 Total number of orbitals in the CI calculations:  13
