 #TITLE:PPP                                                                     
  
 PPP Hamiltonian to be used
 Along with Ohno parameterization
 SCREENED PARAMETERS ARE BEING USED
 U=   8.0000
 r0=   1.2786
 Dielectric Constant =   2.0000
 The system is uncharged
 Total no. of atoms/cell:  13
 UHF Calculations will be performed
 nalpha,nbeta           7           6
 Files will be written for subsequent CI calculations
 For correlation treatment Alpha-type orbitals will be used
 dipole matrix elements file will be created
 Orbitals will be printed in the output file
 Total no. of unit cells:   1
 Total no. of sites:  13
 Total no. of electrons:  13
 Convergence Threshold:    0.0000000100
 Maximum number of iterations:   1000
 done with input
  
Site #     X-Coord     Y-Coord    Z-coord
  
    1     -1.21240    -2.10000     0.00000
    2     -2.42480    -1.40000     0.00000
    3     -2.42480     0.00000     0.00000
    4     -1.21240     0.70000     0.00000
    5      0.00000     0.00000     0.00000
    6      0.00000    -1.40000     0.00000
    7      1.21240    -2.10000     0.00000
    8      1.21240     0.70000     0.00000
    9      2.42480     0.00000     0.00000
   10      2.42480    -1.40000     0.00000
   11     -1.21240     2.10000     0.00000
   12      1.21240     2.10000     0.00000
   13      0.00000     2.80000     0.00000
  
           1
 Entering routine SCF
  
 Itr(i)     E(scf)        Ediff1(i-1)       Ediff2(i)       Evldiff(i)
  
      1    0.1527535E+03   0.0000000E+00    0.1000000E+04   0.1000000E+04
      2   -0.2513918E+02  -0.1778927E+03    0.0000000E+00   0.3193239E+01
      3   -0.2530176E+02  -0.1625763E+00   -0.1778927E+03   0.1803050E+00
      4   -0.2540447E+02  -0.1027104E+00   -0.1625763E+00   0.1383955E+00
      5   -0.2547475E+02  -0.7027825E-01   -0.1027104E+00   0.1093690E+00
      6   -0.2552322E+02  -0.4847058E-01   -0.7027825E-01   0.8746755E-01
      7   -0.2555620E+02  -0.3298276E-01   -0.4847058E-01   0.7013622E-01
      8   -0.2557820E+02  -0.2200357E-01   -0.3298276E-01   0.5611217E-01
      9   -0.2559259E+02  -0.1438271E-01   -0.2200357E-01   0.4468928E-01
     10   -0.2560181E+02  -0.9226838E-02   -0.1438271E-01   0.3540421E-01
     11   -0.2560764E+02  -0.5823692E-02   -0.9226838E-02   0.2790267E-01
     12   -0.2561126E+02  -0.3625836E-02   -0.5823692E-02   0.2188704E-01
     13   -0.2561349E+02  -0.2232253E-02   -0.3625836E-02   0.1709849E-01
     14   -0.2561486E+02  -0.1361883E-02   -0.2232253E-02   0.1331211E-01
     15   -0.2561568E+02  -0.8248818E-03   -0.1361883E-02   0.1033528E-01
     16   -0.2561618E+02  -0.4967701E-03   -0.8248818E-03   0.8006050E-02
     17   -0.2561648E+02  -0.2978269E-03   -0.4967701E-03   0.6190608E-02
     18   -0.2561665E+02  -0.1779280E-03   -0.2978269E-03   0.4780027E-02
     19   -0.2561676E+02  -0.1060070E-03   -0.1779280E-03   0.3686732E-02
     20   -0.2561682E+02  -0.6302335E-04   -0.1060070E-03   0.2841010E-02
     21   -0.2561686E+02  -0.3740703E-04   -0.6302335E-04   0.2187801E-02
     22   -0.2561688E+02  -0.2217442E-04   -0.3740703E-04   0.1683886E-02
     23   -0.2561690E+02  -0.1313182E-04   -0.2217442E-04   0.1295505E-02
     24   -0.2561690E+02  -0.7770846E-05   -0.1313182E-04   0.9963855E-03
     25   -0.2561691E+02  -0.4595772E-05   -0.7770846E-05   0.7661414E-03
     26   -0.2561691E+02  -0.2716774E-05   -0.4595772E-05   0.5889901E-03
     27   -0.2561691E+02  -0.1605456E-05   -0.2716774E-05   0.4527344E-03
     28   -0.2561691E+02  -0.9484795E-06   -0.1605456E-05   0.3479605E-03
     29   -0.2561691E+02  -0.5602328E-06   -0.9484795E-06   0.2674107E-03
     30   -0.2561691E+02  -0.3308575E-06   -0.5602328E-06   0.2054937E-03
     31   -0.2561691E+02  -0.1953714E-06   -0.3308575E-06   0.1579050E-03
     32   -0.2561691E+02  -0.1153561E-06   -0.1953714E-06   0.1213322E-03
     33   -0.2561691E+02  -0.6810654E-07   -0.1153561E-06   0.9322723E-04
     34   -0.2561691E+02  -0.4020814E-07   -0.6810654E-07   0.7163075E-04
     35   -0.2561691E+02  -0.2373665E-07   -0.4020814E-07   0.5503619E-04
     36   -0.2561691E+02  -0.1401241E-07   -0.2373665E-07   0.4228548E-04
     37   -0.2561691E+02  -0.8271684E-08   -0.1401241E-07   0.3248848E-04
     38   -0.2561691E+02  -0.4882821E-08   -0.8271684E-08   0.2496112E-04
     39   -0.2561691E+02  -0.2882302E-08   -0.4882821E-08   0.1917768E-04
     40   -0.2561691E+02  -0.1701324E-08   -0.2882302E-08   0.1473418E-04
     41   -0.2561691E+02  -0.1004253E-08   -0.1701324E-08   0.1132020E-04
     42   -0.2561691E+02  -0.5928484E-09   -0.1004253E-08   0.8697231E-05
  
 Convergence achieved after     42 iterations
  
 Final SCF energy:     -25.616914424255
  
 Nuc-Nuc energy:     132.753548525084
  
 Eigen values from alpha spins of the Fock Matrix
  
  
              E  1
 #      1  -3.58321
 #      2  -1.85549
 #      3  -1.85549
 #      4   0.02076
 #      5   0.02076
 #      6   0.32540
 #      7   1.89589
 #      8   7.49664
 #      9   7.49665
 #     10   7.72912
 #     11   9.46989
 #     12   9.46989
 #     13  11.36917
  
 Eigen values from beta spins of the Fock Matrix
  
  
              E  1
 #      1  -3.36917
 #      2  -1.46989
 #      3  -1.46989
 #      4   0.27088
 #      5   0.50335
 #      6   0.50336
 #      7   6.10411
 #      8   7.67460
 #      9   7.97924
 #     10   7.97924
 #     11   9.85549
 #     12   9.85549
 #     13  11.58321
  
   
 Occupied Orbitals for alpha spins
   
  
           ORB_  1   ORB_  2   ORB_  3   ORB_  4   ORB_  5   ORB_  6
 Site   1  -0.25020  -0.39270  -0.22518   0.23662  -0.41964   0.20369
 Site   2  -0.17623  -0.17848  -0.30914  -0.15750  -0.27280   0.28672
 Site   3  -0.25020   0.00134  -0.45268  -0.48173  -0.00491   0.20370
 Site   4  -0.33466   0.17986  -0.31154  -0.16068   0.27829  -0.17171
 Site   5  -0.44185   0.00000   0.00000  -0.00001   0.00000  -0.64496
 Site   6  -0.33466  -0.35973   0.00000   0.32134   0.00000  -0.17172
 Site   7  -0.25020  -0.39270   0.22518   0.23662   0.41964   0.20369
 Site   8  -0.33466   0.17986   0.31154  -0.16068  -0.27829  -0.17171
 Site   9  -0.25020   0.00134   0.45268  -0.48173   0.00491   0.20370
 Site  10  -0.17623  -0.17848   0.30914  -0.15750   0.27280   0.28672
 Site  11  -0.25020   0.39136  -0.22750   0.24512   0.41474   0.20369
 Site  12  -0.25020   0.39136   0.22750   0.24512  -0.41474   0.20369
 Site  13  -0.17623   0.35696   0.00000   0.31501   0.00000   0.28671
  
           ORB_  7
 Site   1   0.40825
 Site   2   0.00000
 Site   3  -0.40825
 Site   4   0.00000
 Site   5   0.00000
 Site   6   0.00000
 Site   7  -0.40825
 Site   8   0.00000
 Site   9   0.40825
 Site  10   0.00000
 Site  11   0.40825
 Site  12  -0.40825
 Site  13   0.00000
   
 Virtual orbitals for alpha spins
   
  
           ORB_  8   ORB_  9   ORB_ 10   ORB_ 11   ORB_ 12   ORB_ 13
 Site   1  -0.26566   0.17582  -0.14628  -0.18960  -0.30367   0.20292
 Site   2   0.39579   0.22852   0.42490   0.41637   0.24039  -0.19881
 Site   3   0.01944  -0.31799  -0.14627  -0.35779  -0.01236   0.20292
 Site   4  -0.43716   0.25239  -0.20423   0.36659  -0.21165  -0.38748
 Site   5   0.00000   0.00001   0.45261   0.00000   0.00000   0.42888
 Site   6   0.00000  -0.50480  -0.20422   0.00000   0.42330  -0.38748
 Site   7   0.26566   0.17582  -0.14628   0.18960  -0.30367   0.20292
 Site   8   0.43716   0.25239  -0.20423  -0.36659  -0.21165  -0.38748
 Site   9  -0.01944  -0.31799  -0.14627   0.35779  -0.01236   0.20292
 Site  10  -0.39579   0.22852   0.42490  -0.41637   0.24039  -0.19881
 Site  11   0.28510   0.14216  -0.14628  -0.16819   0.31604   0.20292
 Site  12  -0.28510   0.14216  -0.14628   0.16819   0.31604   0.20292
 Site  13   0.00000  -0.45701   0.42492   0.00000  -0.48078  -0.19881
  
           ORB_ 14
 Site   1   0.00000
 Site   2   0.20292
 Site   3   0.19881
 Site   4   0.20292
 Site   5   0.38748
 Site   6   0.42888
 Site   7   0.38748
 Site   8   0.20292
 Site   9   0.38748
 Site  10   0.20292
 Site  11   0.19881
 Site  12   0.20292
 Site  13   0.20292
   
 Occupied Orbitals for beta spins
   
  
           ORB_  1   ORB_  2   ORB_  3   ORB_  4   ORB_  5   ORB_  6
 Site   1   0.20292   0.30367  -0.18960  -0.14628  -0.17582  -0.26566
 Site   2   0.19881   0.24039  -0.41637  -0.42490   0.22852  -0.39579
 Site   3   0.20292   0.01236  -0.35779  -0.14627   0.31799   0.01944
 Site   4   0.38748  -0.21165  -0.36659   0.20423   0.25239   0.43716
 Site   5   0.42888   0.00000   0.00000   0.45261  -0.00001   0.00000
 Site   6   0.38748   0.42330   0.00000   0.20422  -0.50480   0.00000
 Site   7   0.20292   0.30367   0.18960  -0.14628  -0.17582   0.26566
 Site   8   0.38748  -0.21165   0.36659   0.20423   0.25239  -0.43716
 Site   9   0.20292   0.01236   0.35779  -0.14627   0.31799  -0.01944
 Site  10   0.19881   0.24039   0.41637  -0.42490   0.22852   0.39579
 Site  11   0.20292  -0.31604  -0.16819  -0.14628  -0.14216   0.28510
 Site  12   0.20292  -0.31604   0.16819  -0.14628  -0.14216  -0.28510
 Site  13   0.19881  -0.48078   0.00000  -0.42492  -0.45701   0.00000
   
 Virtual orbitals for beta spins
   
  
           ORB_  7   ORB_  8   ORB_  9   ORB_ 10   ORB_ 11   ORB_ 12
 Site   1   0.40825  -0.20369   0.41964  -0.23662  -0.22518   0.39270
 Site   2   0.00000   0.28672  -0.27280  -0.15750   0.30914  -0.17848
 Site   3  -0.40825  -0.20370   0.00491   0.48173  -0.45268  -0.00134
 Site   4   0.00000  -0.17171   0.27829  -0.16068   0.31154   0.17986
 Site   5   0.00000   0.64496   0.00000   0.00001   0.00000   0.00000
 Site   6   0.00000  -0.17172   0.00000   0.32134   0.00000  -0.35973
 Site   7  -0.40825  -0.20369  -0.41964  -0.23662   0.22518   0.39270
 Site   8   0.00000  -0.17171  -0.27829  -0.16068  -0.31154   0.17986
 Site   9   0.40825  -0.20370  -0.00491   0.48173   0.45268  -0.00134
 Site  10   0.00000   0.28672   0.27280  -0.15750  -0.30914  -0.17848
 Site  11   0.40825  -0.20369  -0.41474  -0.24512  -0.22750  -0.39136
 Site  12  -0.40825  -0.20369   0.41474  -0.24512   0.22750  -0.39136
 Site  13   0.00000   0.28671   0.00000   0.31501   0.00000   0.35696
 Done with SCF calculations
 Total number of orbitals in the CI calculations:  13
