 #TITLE:PPP                                                                     
  
 PPP Hamiltonian to be used
 Along with Ohno parameterization
 STANDARD OHNO PARAMETERS ARE BEING USED
 U=  11.1300
 r0=   1.2786
 Dielectric Constant =   1.0000
 The system is uncharged
 Total no. of atoms/cell:  22
 UHF Calculations will be performed
 nalpha,nbeta          12          10
 Total no. of unit cells:   1
 Total no. of sites:  22
 Total no. of electrons:  22
 Convergence Threshold:    0.0000000100
 Maximum number of iterations:  10000
 done with input
  
Site #     X-Coord     Y-Coord    Z-coord
  
    1     -2.42480    -2.80000     0.00000
    2     -3.63720    -2.10000     0.00000
    3     -3.63720    -0.70000     0.00000
    4     -2.42480     0.00000     0.00000
    5     -1.21240    -0.70000     0.00000
    6     -1.21240    -2.10000     0.00000
    7      0.00000    -2.80000     0.00000
    8      0.00000     0.00000     0.00000
    9      1.21240    -0.70000     0.00000
   10      1.21240    -2.10000     0.00000
   11     -2.42480     1.40000     0.00000
   12      0.00000     1.40000     0.00000
   13     -1.21240     2.10000     0.00000
   14      2.42480    -2.80000     0.00000
   15      2.42480     0.00000     0.00000
   16      3.63720    -0.70000     0.00000
   17      3.63720    -2.10000     0.00000
   18      2.42480     1.40000     0.00000
   19      1.21240     2.10000     0.00000
   20     -1.21240     3.50000     0.00000
   21      1.21240     3.50000     0.00000
   22      0.00000     4.20000     0.00000
  
           1
 Entering routine SCF
  
 Itr(i)     E(scf)        Ediff1(i-1)       Ediff2(i)       Evldiff(i)
  
      1    0.9297583E+03   0.0000000E+00    0.1000000E+04   0.1000000E+04
      2   -0.5105828E+02  -0.9808166E+03    0.0000000E+00   0.3156502E+01
      3   -0.5141876E+02  -0.3604848E+00   -0.9808166E+03   0.1945093E+00
      4   -0.5160129E+02  -0.1825298E+00   -0.3604848E+00   0.1359435E+00
      5   -0.5170509E+02  -0.1037909E+00   -0.1825298E+00   0.9871204E-01
      6   -0.5176635E+02  -0.6126437E-01   -0.1037909E+00   0.7317509E-01
      7   -0.5180306E+02  -0.3670836E-01   -0.6126437E-01   0.5489776E-01
      8   -0.5182518E+02  -0.2211821E-01   -0.3670836E-01   0.4149401E-01
      9   -0.5183852E+02  -0.1333978E-01   -0.2211821E-01   0.3151878E-01
     10   -0.5184655E+02  -0.8035404E-02   -0.1333978E-01   0.2402437E-01
     11   -0.5185138E+02  -0.4830029E-02   -0.8035404E-02   0.1835729E-01
     12   -0.5185428E+02  -0.2896666E-02   -0.4830029E-02   0.1405235E-01
     13   -0.5185601E+02  -0.1733486E-02   -0.2896666E-02   0.1077129E-01
     14   -0.5185705E+02  -0.1035474E-02   -0.1733486E-02   0.8264546E-02
     15   -0.5185766E+02  -0.6175778E-03   -0.1035474E-02   0.6345906E-02
     16   -0.5185803E+02  -0.3678806E-03   -0.6175778E-03   0.4875429E-02
     17   -0.5185825E+02  -0.2189259E-03   -0.3678806E-03   0.3747299E-02
     18   -0.5185838E+02  -0.1301835E-03   -0.2189259E-03   0.2881160E-02
     19   -0.5185846E+02  -0.7736772E-04   -0.1301835E-03   0.2215787E-02
     20   -0.5185851E+02  -0.4595883E-04   -0.7736772E-04   0.1704419E-02
     21   -0.5185853E+02  -0.2729174E-04   -0.4595883E-04   0.1311278E-02
     22   -0.5185855E+02  -0.1620255E-04   -0.2729174E-04   0.1008950E-02
     23   -0.5185856E+02  -0.9617318E-05   -0.1620255E-04   0.7764108E-03
     24   -0.5185856E+02  -0.5707749E-05   -0.9617318E-05   0.5975197E-03
     25   -0.5185857E+02  -0.3387135E-05   -0.5707749E-05   0.4598815E-03
     26   -0.5185857E+02  -0.2009877E-05   -0.3387135E-05   0.3539713E-03
     27   -0.5185857E+02  -0.1192573E-05   -0.2009877E-05   0.2724677E-03
     28   -0.5185857E+02  -0.7075986E-06   -0.1192573E-05   0.2097413E-03
     29   -0.5185857E+02  -0.4198351E-06   -0.7075986E-06   0.1614628E-03
     30   -0.5185857E+02  -0.2490956E-06   -0.4198351E-06   0.1243022E-03
     31   -0.5185857E+02  -0.1477918E-06   -0.2490956E-06   0.9569772E-04
     32   -0.5185857E+02  -0.8768700E-07   -0.1477918E-06   0.7367822E-04
     33   -0.5185857E+02  -0.5202537E-07   -0.8768700E-07   0.5672707E-04
     34   -0.5185857E+02  -0.3086791E-07   -0.5202537E-07   0.4367716E-04
     35   -0.5185857E+02  -0.1831427E-07   -0.3086791E-07   0.3363027E-04
     36   -0.5185857E+02  -0.1086664E-07   -0.1831427E-07   0.2589508E-04
     37   -0.5185857E+02  -0.6447408E-08   -0.1086664E-07   0.1993952E-04
     38   -0.5185857E+02  -0.3824994E-08   -0.6447408E-08   0.1535401E-04
     39   -0.5185857E+02  -0.2269758E-08   -0.3824994E-08   0.1182328E-04
     40   -0.5185857E+02  -0.1346393E-08   -0.2269758E-08   0.9104641E-05
  
 Convergence achieved after     40 iterations
  
 Final SCF energy:     -51.858572334959
  
 Nuc-Nuc energy:     909.758308747172
  
 Eigen values from alpha spins of the Fock Matrix
  
  
              E  1
 #      1  -5.20492
 #      2  -3.89218
 #      3  -3.89218
 #      4  -2.16798
 #      5  -2.16798
 #      6  -1.96684
 #      7  -0.33935
 #      8  -0.14335
 #      9  -0.14331
 #     10  -0.11632
 #     11   2.20986
 #     12   2.20988
 #     13  10.30752
 #     14  10.66497
 #     15  11.09716
 #     16  11.09719
 #     17  12.67323
 #     18  12.67323
 #     19  12.86779
 #     20  14.69252
 #     21  14.69252
 #     22  16.14853
  
 Eigen values from beta spins of the Fock Matrix
  
  
              E  1
 #      1  -5.01853
 #      2  -3.56252
 #      3  -3.56252
 #      4  -1.73779
 #      5  -1.54323
 #      6  -1.54323
 #      7   0.03281
 #      8   0.03284
 #      9   0.46503
 #     10   0.82248
 #     11   8.92012
 #     12   8.92014
 #     13  11.24632
 #     14  11.27331
 #     15  11.27335
 #     16  11.46935
 #     17  13.09684
 #     18  13.29798
 #     19  13.29798
 #     20  15.02218
 #     21  15.02218
 #     22  16.33492
  
 Done with SCF calculations
