 #TITLE:PPP                                                                     
  
 PPP Hamiltonian to be used
 Along with Ohno parameterization
 STANDARD OHNO PARAMETERS ARE BEING USED
 U=  11.1300
 r0=   1.2786
 Dielectric Constant =   1.0000
 The system is uncharged
 Total no. of atoms/cell:  13
 UHF Calculations will be performed
 nalpha,nbeta           7           6
 Scf calculations will be performed in the presence of electric field
  
 Calculations in the Presence of Finite Electric Field
 Ex, Ey, Ez    0.0050  0.0000  0.0000
  
 Total no. of unit cells:   1
 Total no. of sites:  13
 Total no. of electrons:  13
 Convergence Threshold:    0.0000000100
 Maximum number of iterations:   1000
 done with input
  
Site #     X-Coord     Y-Coord    Z-coord
  
    1     -1.21240    -2.10000     0.00000
    2     -2.42480    -1.40000     0.00000
    3     -2.42480     0.00000     0.00000
    4     -1.21240     0.70000     0.00000
    5      0.00000     0.00000     0.00000
    6      0.00000    -1.40000     0.00000
    7      1.21240    -2.10000     0.00000
    8      1.21240     0.70000     0.00000
    9      2.42480     0.00000     0.00000
   10      2.42480    -1.40000     0.00000
   11     -1.21240     2.10000     0.00000
   12      1.21240     2.10000     0.00000
   13      0.00000     2.80000     0.00000
  
           1
 Entering routine SCF
  
 Itr(i)     E(scf)        Ediff1(i-1)       Ediff2(i)       Evldiff(i)
  
      1    0.3893867E+03   0.0000000E+00    0.1000000E+04   0.1000000E+04
      2   -0.2939383E+02  -0.4187806E+03    0.0000000E+00   0.2995609E+01
      3   -0.2955033E+02  -0.1564961E+00   -0.4187806E+03   0.1667972E+00
      4   -0.2963101E+02  -0.8067955E-01   -0.1564961E+00   0.1193972E+00
      5   -0.2967911E+02  -0.4809908E-01   -0.8067955E-01   0.8861070E-01
      6   -0.2970901E+02  -0.2989905E-01   -0.4809908E-01   0.6720128E-01
      7   -0.2972785E+02  -0.1883919E-01   -0.2989905E-01   0.5164982E-01
      8   -0.2973976E+02  -0.1191182E-01   -0.1883919E-01   0.4003601E-01
      9   -0.2974729E+02  -0.7526854E-02   -0.1191182E-01   0.3120539E-01
     10   -0.2975203E+02  -0.4745409E-02   -0.7526854E-02   0.2441060E-01
     11   -0.2975501E+02  -0.2983786E-02   -0.4745409E-02   0.1914056E-01
     12   -0.2975689E+02  -0.1871243E-02   -0.2983786E-02   0.1503134E-01
     13   -0.2975806E+02  -0.1170809E-02   -0.1871243E-02   0.1181593E-01
     14   -0.2975879E+02  -0.7311151E-03   -0.1170809E-02   0.9294066E-02
     15   -0.2975924E+02  -0.4558017E-03   -0.7311151E-03   0.7313185E-02
     16   -0.2975953E+02  -0.2837839E-03   -0.4558017E-03   0.5755754E-02
     17   -0.2975970E+02  -0.1764951E-03   -0.2837839E-03   0.4530530E-02
     18   -0.2975981E+02  -0.1096741E-03   -0.1764951E-03   0.3566314E-02
     19   -0.2975988E+02  -0.6810472E-04   -0.1096741E-03   0.2807354E-02
     20   -0.2975992E+02  -0.4226819E-04   -0.6810472E-04   0.2209899E-02
     21   -0.2975995E+02  -0.2622179E-04   -0.4226819E-04   0.1739561E-02
     22   -0.2975997E+02  -0.1626158E-04   -0.2622179E-04   0.1369295E-02
     23   -0.2975998E+02  -0.1008198E-04   -0.1626158E-04   0.1077813E-02
     24   -0.2975998E+02  -0.6249367E-05   -0.1008198E-04   0.8483580E-03
     25   -0.2975999E+02  -0.3873053E-05   -0.6249367E-05   0.6677365E-03
     26   -0.2975999E+02  -0.2400010E-05   -0.3873053E-05   0.5255601E-03
     27   -0.2975999E+02  -0.1487057E-05   -0.2400010E-05   0.4136491E-03
     28   -0.2975999E+02  -0.9213110E-06   -0.1487057E-05   0.3255632E-03
     29   -0.2975999E+02  -0.5707640E-06   -0.9213110E-06   0.2562318E-03
     30   -0.2975999E+02  -0.3535777E-06   -0.5707640E-06   0.2016630E-03
     31   -0.2975999E+02  -0.2190260E-06   -0.3535777E-06   0.1587141E-03
     32   -0.2975999E+02  -0.1356728E-06   -0.2190260E-06   0.1249113E-03
     33   -0.2975999E+02  -0.8403856E-07   -0.1356728E-06   0.9830724E-04
     34   -0.2975999E+02  -0.5205442E-07   -0.8403856E-07   0.7736903E-04
     35   -0.2975999E+02  -0.3224233E-07   -0.5205442E-07   0.6089016E-04
     36   -0.2975999E+02  -0.1997091E-07   -0.3224233E-07   0.4792098E-04
     37   -0.2975999E+02  -0.1236958E-07   -0.1997091E-07   0.3771405E-04
     38   -0.2975999E+02  -0.7661583E-08   -0.1236958E-07   0.2968109E-04
     39   -0.2975999E+02  -0.4745175E-08   -0.7661583E-08   0.2335908E-04
     40   -0.2975999E+02  -0.2939146E-08   -0.4745175E-08   0.1838362E-04
     41   -0.2975999E+02  -0.1820467E-08   -0.2939146E-08   0.1446791E-04
     42   -0.2975999E+02  -0.1127432E-08   -0.1820467E-08   0.1138624E-04
     43   -0.2975999E+02  -0.6984919E-09   -0.1127432E-08   0.8960963E-05
  
 Convergence achieved after     43 iterations
  
 Final SCF energy:     -29.759993054416
  
 Nuc-Nuc energy:     369.386748771046
  
 Eigen values from alpha spins of the Fock Matrix
  
  
              E  1
 #      1  -4.71137
 #      2  -2.72170
 #      3  -2.72009
 #      4  -0.41835
 #      5  -0.41754
 #      6  -0.05729
 #      7   2.31670
 #      8  10.84455
 #      9  10.84581
 #     10  11.25525
 #     11  13.44840
 #     12  13.45034
 #     13  15.66530
  
 Eigen values from beta spins of the Fock Matrix
  
  
              E  1
 #      1  -4.53530
 #      2  -2.32034
 #      3  -2.31840
 #      4  -0.12525
 #      5   0.28419
 #      6   0.28545
 #      7   8.81330
 #      8  11.18729
 #      9  11.54754
 #     10  11.54835
 #     11  13.85009
 #     12  13.85170
 #     13  15.84137
  
 Done with SCF calculations
