 #TITLE:PPP                                                                     
  
 PPP Hamiltonian to be used
 Along with Ohno parameterization
 NEW DEFINED PPP PARAMETERS
 U=   0.0000
 r0=   0.0000
 Dielectric Constant =   1.0000
 Charge on the System:  -4
 Total no. of atoms/cell:  36
 RHF Calculations will be performed
 Total no. of unit cells:   1
 Total no. of sites:  36
 Total no. of electrons:  40
 Convergence Threshold:    0.0000000100
 Maximum number of iterations:    100
 done with input
  
Site #     X-Coord     Y-Coord    Z-coord
  
    1    -13.03513    -1.31311    -0.38830
    2    -12.50375    -2.56466    -0.49066
    3    -11.04186    -2.59976    -0.49405
    4    -10.45054    -1.37517    -0.39440
    5     -9.08674    -0.92557    -0.33334
    6     -8.66755     0.38116    -0.23154
    7     -7.71482    -2.06205    -0.31347
    8     -7.25143     0.52613    -0.13146
    9     -6.57901    -0.73020    -0.18594
   10     -6.49560     1.71048    -0.01466
   11     -5.19529    -0.84575    -0.14559
   12     -5.11188     1.59493     0.02569
   13     -4.43946     0.33861    -0.02880
   14     -3.97608     2.92679     0.15324
   15     -3.02334     0.48357     0.07129
   16     -2.60416     1.79030     0.17311
   17     -1.24038     2.23993     0.23424
   18     -0.64915     3.46457     0.33390
   19      0.81273     3.42956     0.33081
   20      1.34421     2.17803     0.22863
   21      2.68486     1.65992     0.22439
   22      3.04037     0.33067     0.20588
   23      4.11184     2.72537     0.17231
   24      4.44925     0.11155     0.14678
   25      5.18220     1.33476     0.14606
   26      5.14732    -1.11288     0.11418
   27      6.57050     1.38041     0.13119
   28      6.53562    -1.06723     0.09931
   29      7.26857     0.15598     0.09860
   30      7.60598    -2.45784     0.07304
   31      8.67745    -0.06314     0.03949
   32      9.03295    -1.39239     0.02096
   33     10.37359    -1.91054     0.01666
   34     10.90495    -3.16617    -0.00037
   35     12.36640    -3.20213     0.03445
   36     12.95741    -1.97412     0.07836
  
  
 Total no. of Unique hopping elements read=     41
  
 Number of Nonzero Site Energies/cell =          36
 Entering routine SCF
  
 Itr(i)     E(scf)        Ediff1(i-1)       Ediff2(i)       Evldiff(i)
  
      1    0.1752306E+04   0.0000000E+00    0.1000000E+04   0.1000000E+04
      2   -0.9546409E+02  -0.1847770E+04    0.0000000E+00   0.3986694E+01
      3   -0.9849433E+02  -0.3030242E+01   -0.1847770E+04   0.3501553E+00
      4   -0.9915820E+02  -0.6638629E+00   -0.3030242E+01   0.1223268E+00
      5   -0.9932941E+02  -0.1712128E+00   -0.6638629E+00   0.5682624E-01
      6   -0.9937837E+02  -0.4896240E-01   -0.1712128E+00   0.2635603E-01
      7   -0.9939327E+02  -0.1489562E-01   -0.4896240E-01   0.1295697E-01
      8   -0.9939799E+02  -0.4724942E-02   -0.1489562E-01   0.6449029E-02
      9   -0.9939954E+02  -0.1546092E-02   -0.4724942E-02   0.3249937E-02
     10   -0.9940006E+02  -0.5184900E-03   -0.1546092E-02   0.1672834E-02
     11   -0.9940023E+02  -0.1774572E-03   -0.5184900E-03   0.1054335E-02
     12   -0.9940030E+02  -0.6182675E-04   -0.1774572E-03   0.6568786E-03
     13   -0.9940032E+02  -0.2189738E-04   -0.6182675E-04   0.4062346E-03
     14   -0.9940033E+02  -0.7880211E-05   -0.2189738E-04   0.2500810E-03
     15   -0.9940033E+02  -0.2881954E-05   -0.7880211E-05   0.1535678E-03
     16   -0.9940033E+02  -0.1071715E-05   -0.2881954E-05   0.9536888E-04
     17   -0.9940033E+02  -0.4055237E-06   -0.1071715E-05   0.5904129E-04
     18   -0.9940033E+02  -0.1562216E-06   -0.4055237E-06   0.3649607E-04
     19   -0.9940033E+02  -0.6129335E-07   -0.1562216E-06   0.2336979E-04
     20   -0.9940033E+02  -0.2448678E-07   -0.6129335E-07   0.1517846E-04
     21   -0.9940033E+02  -0.9955102E-08   -0.2448678E-07   0.9880758E-05
     22   -0.9940033E+02  -0.4115009E-08   -0.9955102E-08   0.6447854E-05
  
 Convergence achieved after     22 iterations
  
 Final SCF energy:     -99.400329655687
  
 Nuc-Nuc energy:    1732.306369653499
  
 Eigen values of the Fock Matrix
  
  
              E  1
 #      1  -4.21156
 #      2  -4.17737
 #      3  -3.74607
 #      4  -3.57534
 #      5  -3.28801
 #      6  -2.86636
 #      7  -2.43391
 #      8  -1.92579
 #      9  -1.39615
 #     10  -1.11927
 #     11  -1.03802
 #     12  -0.80002
 #     13  -0.14294
 #     14   0.51123
 #     15   1.03017
 #     16   1.53233
 #     17   1.66707
 #     18   1.82754
 #     19   3.52544
 #     20   3.54796
 #     21   8.07235
 #     22   8.32896
 #     23   8.68629
 #     24   9.53309
 #     25   9.98037
 #     26  10.77591
 #     27  10.98709
 #     28  11.10682
 #     29  11.48188
 #     30  11.51082
 #     31  12.38519
 #     32  12.48798
 #     33  12.76080
 #     34  12.87005
 #     35  13.80992
 #     36  13.81115
  
 Done with SCF calculations
