 #TITLE:PPP                                                                     
  
 PPP Hamiltonian to be used
 Along with Ohno parameterization
 STANDARD OHNO PARAMETERS ARE BEING USED
 U=  11.1300
 r0=   1.2786
 Dielectric Constant =   1.0000
 The system is uncharged
 Total no. of atoms/cell:   4
 RHF Calculations will be performed
 Orbital density analysis will be performed
 orbital density analysis will be done
 Files will be written for subsequent CI calculations
 dipole matrix elements file will be created
 Orbitals will be printed in the output file
 Total no. of unit cells:   3
 ndelatm=           2
 Total no. of sites:  10
 Total no. of electrons:  10
 Convergence Threshold:    0.0000000100
 Maximum number of iterations:    100
 done with input
  
Site #     X-Coord     Y-Coord    Z-coord
  
    1     -2.42487     0.70000     0.00000
    2     -2.42487    -0.70000     0.00000
    3     -1.21244     1.40000     0.00000
    4     -1.21244    -1.40000     0.00000
    5      0.00000     0.70000     0.00000
    6      0.00000    -0.70000     0.00000
    7      1.21244     1.40000     0.00000
    8      1.21244    -1.40000     0.00000
    9      2.42487     0.70000     0.00000
   10      2.42487    -0.70000     0.00000
  
  
 Total no. of Unique hopping elements read=      2
  
 Entering routine SCF
  
 Itr(i)     E(scf)        Ediff1(i-1)       Ediff2(i)       Evldiff(i)
  
      1    0.2488742E+03   0.0000000E+00    0.1000000E+04   0.1000000E+04
      2   -0.2269853E+02  -0.2715727E+03    0.0000000E+00   0.2706181E+01
      3   -0.2272358E+02  -0.2505053E-01   -0.2715727E+03   0.2730100E-01
      4   -0.2272991E+02  -0.6335877E-02   -0.2505053E-01   0.1494618E-01
      5   -0.2273184E+02  -0.1928112E-02   -0.6335877E-02   0.8389713E-02
      6   -0.2273246E+02  -0.6167195E-03   -0.1928112E-02   0.4754512E-02
      7   -0.2273266E+02  -0.1997428E-03   -0.6167195E-03   0.2705811E-02
      8   -0.2273272E+02  -0.6491954E-04   -0.1997428E-03   0.1542763E-02
      9   -0.2273274E+02  -0.2112484E-04   -0.6491954E-04   0.8803146E-03
     10   -0.2273275E+02  -0.6877307E-05   -0.2112484E-04   0.5024591E-03
     11   -0.2273275E+02  -0.2239431E-05   -0.6877307E-05   0.2868115E-03
     12   -0.2273275E+02  -0.7292939E-06   -0.2239431E-05   0.1637154E-03
     13   -0.2273275E+02  -0.2375148E-06   -0.7292939E-06   0.9344757E-04
     14   -0.2273275E+02  -0.7735542E-07   -0.2375148E-06   0.5333725E-04
     15   -0.2273275E+02  -0.2519400E-07   -0.7735542E-07   0.3044241E-04
     16   -0.2273275E+02  -0.8205433E-08   -0.2519400E-07   0.1737466E-04
     17   -0.2273275E+02  -0.2672579E-08   -0.8205433E-08   0.9916192E-05
  
 Convergence achieved after     17 iterations
  
 Final SCF energy:     -22.732753193510
  
 Nuc-Nuc energy:     228.874180114472
  
 Eigen values of the Fock Matrix
  
  
              E  1
 #      1  -4.24381
 #      2  -2.23891
 #      3  -1.12232
 #      4   0.11454
 #      5   1.16122
 #      6   9.96878
 #      7  11.01546
 #      8  12.25232
 #      9  13.36891
 #     10  15.37381
  
   
 Occupied Orbitals
   
  
            ORB  1    ORB  2    ORB  3    ORB  4    ORB  5
 Site   1   0.24425   0.42387  -0.18958   0.39294   0.26520
 Site   2   0.24425   0.42387   0.18958   0.39294  -0.26520
 Site   3   0.30208   0.26520  -0.39841   0.00445   0.42387
 Site   4   0.30208   0.26520   0.39841   0.00445  -0.42387
 Site   5   0.44518   0.00000  -0.33265  -0.43722   0.00000
 Site   6   0.44518   0.00000   0.33265  -0.43722   0.00000
 Site   7   0.30208  -0.26520  -0.39841   0.00445  -0.42387
 Site   8   0.30208  -0.26520   0.39841   0.00445   0.42387
 Site   9   0.24425  -0.42387  -0.18958   0.39294  -0.26520
 Site  10   0.24425  -0.42387   0.18958   0.39294   0.26520
   
 Virtual orbitals
   
  
            ORB  6    ORB  7    ORB  8    ORB  9    ORB 10
 Site   1  -0.26520  -0.39294  -0.18958  -0.42387   0.24425
 Site   2  -0.26520   0.39294  -0.18958   0.42387  -0.24425
 Site   3   0.42387   0.00445   0.39841   0.26520  -0.30208
 Site   4   0.42387  -0.00445   0.39841  -0.26520   0.30208
 Site   5   0.00000   0.43722  -0.33265   0.00000   0.44518
 Site   6   0.00000  -0.43722  -0.33265   0.00000  -0.44518
 Site   7  -0.42387   0.00445   0.39841  -0.26520  -0.30208
 Site   8  -0.42387  -0.00445   0.39841   0.26520   0.30208
 Site   9   0.26520  -0.39294  -0.18958   0.42387   0.24425
 Site  10   0.26520   0.39294  -0.18958  -0.42387  -0.24425
 Done with SCF calculations
 Sites identified in orbital density analysis:
           1           6           5          10           9
  
 Orbital #    Charge Den (Chosen)   Charge Den (Remaining)
  
    1                0.5753                0.4247
    2                0.5390                0.4610
    3                0.3291                0.6709
    4                0.8455                0.1545
    5                0.2110                0.7890
    6                0.2110                0.7890
    7                0.8455                0.1545
    8                0.3291                0.6709
    9                0.5390                0.4610
   10                0.5753                0.4247
 Total number of orbitals in the CI calculations:  10
