 #TITLE:HUECKEL                                                                 
  
 Hueckel Hamiltonian to be used
 U=   0.0000
 The system is uncharged
 Total no. of atoms/cell:   6
 Linear optical Properties will be computed
 Data for single-particle optics calculations will
 put in the file
 spec001.dat                                                                    
  
 Wigner Line Width (eV):     0.1000
 Total no. of unit cells:   8
 Total no. of sites:  48
 Total no. of electrons:  48
 Convergence Threshold:    0.0000000100
 Maximum number of iterations:    100
 done with input
  
Site #     X-Coord     Y-Coord    Z-coord
  
    1    -16.59000     0.00000     0.00000
    2    -15.89000     1.21244     0.00000
    3    -15.89000    -1.21244     0.00000
    4    -14.49000     1.21244     0.00000
    5    -14.49000    -1.21244     0.00000
    6    -13.79000     0.00000     0.00000
    7    -12.25000     0.00000     0.00000
    8    -11.55000     1.21244     0.00000
    9    -11.55000    -1.21244     0.00000
   10    -10.15000     1.21244     0.00000
   11    -10.15000    -1.21244     0.00000
   12     -9.45000     0.00000     0.00000
   13     -7.91000     0.00000     0.00000
   14     -7.21000     1.21244     0.00000
   15     -7.21000    -1.21244     0.00000
   16     -5.81000     1.21244     0.00000
   17     -5.81000    -1.21244     0.00000
   18     -5.11000     0.00000     0.00000
   19     -3.57000     0.00000     0.00000
   20     -2.87000     1.21244     0.00000
   21     -2.87000    -1.21244     0.00000
   22     -1.47000     1.21244     0.00000
   23     -1.47000    -1.21244     0.00000
   24     -0.77000     0.00000     0.00000
   25      0.77000     0.00000     0.00000
   26      1.47000     1.21244     0.00000
   27      1.47000    -1.21244     0.00000
   28      2.87000     1.21244     0.00000
   29      2.87000    -1.21244     0.00000
   30      3.57000     0.00000     0.00000
   31      5.11000     0.00000     0.00000
   32      5.81000     1.21244     0.00000
   33      5.81000    -1.21244     0.00000
   34      7.21000     1.21244     0.00000
   35      7.21000    -1.21244     0.00000
   36      7.91000     0.00000     0.00000
   37      9.45000     0.00000     0.00000
   38     10.15000     1.21244     0.00000
   39     10.15000    -1.21244     0.00000
   40     11.55000     1.21244     0.00000
   41     11.55000    -1.21244     0.00000
   42     12.25000     0.00000     0.00000
   43     13.79000     0.00000     0.00000
   44     14.49000     1.21244     0.00000
   45     14.49000    -1.21244     0.00000
   46     15.89000     1.21244     0.00000
   47     15.89000    -1.21244     0.00000
   48     16.59000     0.00000     0.00000
  
  
 Total no. of Unique hopping elements read=      2
  
 Entering routine SCF
  
 Itr(i)     E(scf)        Ediff1(i-1)       Ediff2(i)       Evldiff(i)
  
  
 Convergence achieved after      1 iterations
  
 Final SCF energy:      20.000000000000
  
 Nuc-Nuc energy:       0.000000000000
  
 Eigen values of the Fock Matrix
  
  
              E  1
 #      1  -5.68569
 #      2  -5.61251
 #      3  -5.49148
 #      4  -5.32404
 #      5  -5.11238
 #      6  -4.85991
 #      7  -4.57372
 #      8  -4.28977
 #      9  -3.81232
 #     10  -3.44082
 #     11  -3.03441
 #     12  -2.61248
 #     13  -2.40000
 #     14  -2.40000
 #     15  -2.40000
 #     16  -2.40000
 #     17  -2.40000
 #     18  -2.40000
 #     19  -2.40000
 #     20  -2.40000
 #     21  -2.18924
 #     22  -1.78424
 #     23  -1.42930
 #     24  -1.17475
 #     25   1.17475
 #     26   1.42930
 #     27   1.78424
 #     28   2.18924
 #     29   2.40000
 #     30   2.40000
 #     31   2.40000
 #     32   2.40000
 #     33   2.40000
 #     34   2.40000
 #     35   2.40000
 #     36   2.40000
 #     37   2.61248
 #     38   3.03441
 #     39   3.44082
 #     40   3.81232
 #     41   4.28977
 #     42   4.57372
 #     43   4.85991
 #     44   5.11238
 #     45   5.32404
 #     46   5.49148
 #     47   5.61251
 #     48   5.68569
  
 Done with SCF calculations
  
 Entering routine OPTICS
  
  
 Single particle dipoles with cutoff:  0.10
  
 i =    5  j =   30  energy =   7.5124  dx =   0.0000  dy =  -0.1073  dz =   0.0000
 i =    5  j =   33  energy =   7.5124  dx =   0.0000  dy =   0.1014  dz =   0.0000
 i =    5  j =   35  energy =   7.5124  dx =   0.0000  dy =   0.1264  dz =   0.0000
 i =    6  j =   29  energy =   7.2599  dx =   0.0000  dy =  -0.1082  dz =   0.0000
 i =    6  j =   31  energy =   7.2599  dx =   0.0000  dy =  -0.1626  dz =   0.0000
 i =    6  j =   33  energy =   7.2599  dx =   0.0000  dy =   0.1015  dz =   0.0000
 i =    7  j =   32  energy =   6.9737  dx =   0.0000  dy =   0.1085  dz =   0.0000
 i =    7  j =   33  energy =   6.9737  dx =   0.0000  dy =  -0.1412  dz =   0.0000
 i =    7  j =   36  energy =   6.9737  dx =   0.0000  dy =   0.1470  dz =   0.0000
 i =    9  j =   30  energy =   6.2123  dx =   0.0000  dy =   0.1528  dz =   0.0000
 i =    9  j =   31  energy =   6.2123  dx =   0.0000  dy =   0.1188  dz =   0.0000
 i =    9  j =   32  energy =   6.2123  dx =   0.0000  dy =  -0.3347  dz =   0.0000
 i =    9  j =   33  energy =   6.2123  dx =   0.0000  dy =   0.2066  dz =   0.0000
 i =    9  j =   35  energy =   6.2123  dx =   0.0000  dy =  -0.2505  dz =   0.0000
 i =    9  j =   36  energy =   6.2123  dx =   0.0000  dy =  -0.1481  dz =   0.0000
 i =   10  j =   29  energy =   5.8408  dx =   0.0000  dy =  -0.2377  dz =   0.0000
 i =   10  j =   31  energy =   5.8408  dx =   0.0000  dy =  -0.1943  dz =   0.0000
 i =   10  j =   32  energy =   5.8408  dx =   0.0000  dy =   0.2060  dz =   0.0000
 i =   10  j =   33  energy =   5.8408  dx =   0.0000  dy =   0.2792  dz =   0.0000
 i =   10  j =   35  energy =   5.8408  dx =   0.0000  dy =  -0.1830  dz =   0.0000
 i =   10  j =   36  energy =   5.8408  dx =   0.0000  dy =   0.1563  dz =   0.0000
 i =   10  j =   39  energy =   6.8816  dx =  -0.1093  dy =   0.0000  dz =   0.0000
 i =   11  j =   29  energy =   5.4344  dx =   0.0000  dy =  -0.1033  dz =   0.0000
 i =   11  j =   30  energy =   5.4344  dx =   0.0000  dy =  -0.1854  dz =   0.0000
 i =   11  j =   33  energy =   5.4344  dx =   0.0000  dy =   0.2850  dz =   0.0000
 i =   11  j =   34  energy =   5.4344  dx =   0.0000  dy =  -0.2407  dz =   0.0000
 i =   11  j =   35  energy =   5.4344  dx =   0.0000  dy =   0.3017  dz =   0.0000
 i =   11  j =   36  energy =   5.4344  dx =   0.0000  dy =  -0.2028  dz =   0.0000
 i =   11  j =   38  energy =   6.0688  dx =  -0.2020  dy =   0.0000  dz =   0.0000
 i =   12  j =   29  energy =   5.0125  dx =   0.0000  dy =   0.1531  dz =   0.0000
 i =   12  j =   30  energy =   5.0125  dx =   0.0000  dy =  -0.2630  dz =   0.0000
 i =   12  j =   31  energy =   5.0125  dx =   0.0000  dy =   0.3495  dz =   0.0000
 i =   12  j =   32  energy =   5.0125  dx =   0.0000  dy =   0.2692  dz =   0.0000
 i =   12  j =   33  energy =   5.0125  dx =   0.0000  dy =   0.1197  dz =   0.0000
 i =   12  j =   35  energy =   5.0125  dx =   0.0000  dy =  -0.2591  dz =   0.0000
 i =   12  j =   37  energy =   5.2250  dx =  -0.3440  dy =   0.0000  dz =   0.0000
 i =   13  j =   25  energy =   3.5747  dx =   0.0000  dy =  -0.6195  dz =   0.0000
 i =   13  j =   27  energy =   4.1842  dx =   0.0000  dy =   0.1404  dz =   0.0000
 i =   13  j =   29  energy =   4.8000  dx =  -0.3185  dy =   0.0000  dz =   0.0000
 i =   13  j =   30  energy =   4.8000  dx =   0.1354  dy =   0.0000  dz =   0.0000
 i =   13  j =   33  energy =   4.8000  dx =  -0.3073  dy =   0.0000  dz =   0.0000
 i =   13  j =   34  energy =   4.8000  dx =   0.3967  dy =   0.0000  dz =   0.0000
 i =   13  j =   35  energy =   4.8000  dx =   0.3313  dy =   0.0000  dz =   0.0000
 i =   13  j =   37  energy =   5.0125  dx =   0.0000  dy =  -0.2452  dz =   0.0000
 i =   13  j =   38  energy =   5.4344  dx =   0.0000  dy =  -0.1166  dz =   0.0000
 i =   13  j =   40  energy =   6.2123  dx =   0.0000  dy =  -0.2089  dz =   0.0000
 i =   13  j =   42  energy =   6.9737  dx =   0.0000  dy =  -0.1147  dz =   0.0000
 i =   14  j =   26  energy =   3.8293  dx =   0.0000  dy =   0.1475  dz =   0.0000
 i =   14  j =   27  energy =   4.1842  dx =   0.0000  dy =   0.2622  dz =   0.0000
 i =   14  j =   28  energy =   4.5892  dx =   0.0000  dy =   0.3248  dz =   0.0000
 i =   14  j =   30  energy =   4.8000  dx =  -0.6434  dy =   0.0000  dz =   0.0000
 i =   14  j =   32  energy =   4.8000  dx =   0.1191  dy =   0.0000  dz =   0.0000
 i =   14  j =   33  energy =   4.8000  dx =   0.1066  dy =   0.0000  dz =   0.0000
 i =   14  j =   35  energy =   4.8000  dx =   0.1834  dy =   0.0000  dz =   0.0000
 i =   14  j =   37  energy =   5.0125  dx =   0.0000  dy =   0.2091  dz =   0.0000
 i =   14  j =   38  energy =   5.4344  dx =   0.0000  dy =   0.2552  dz =   0.0000
 i =   14  j =   40  energy =   6.2123  dx =   0.0000  dy =  -0.2532  dz =   0.0000
 i =   14  j =   44  energy =   7.5124  dx =   0.0000  dy =  -0.1391  dz =   0.0000
 i =   15  j =   26  energy =   3.8293  dx =   0.0000  dy =  -0.1171  dz =   0.0000
 i =   15  j =   29  energy =   4.8000  dx =  -0.3331  dy =   0.0000  dz =   0.0000
 i =   15  j =   30  energy =   4.8000  dx =   0.1509  dy =   0.0000  dz =   0.0000
 i =   15  j =   31  energy =   4.8000  dx =  -0.3422  dy =   0.0000  dz =   0.0000
 i =   15  j =   33  energy =   4.8000  dx =   0.4704  dy =   0.0000  dz =   0.0000
 i =   15  j =   37  energy =   5.0125  dx =   0.0000  dy =  -0.2726  dz =   0.0000
 i =   15  j =   38  energy =   5.4344  dx =   0.0000  dy =   0.2246  dz =   0.0000
 i =   15  j =   39  energy =   5.8408  dx =   0.0000  dy =   0.3835  dz =   0.0000
 i =   15  j =   43  energy =   7.2599  dx =   0.0000  dy =  -0.2098  dz =   0.0000
 i =   16  j =   25  energy =   3.5747  dx =   0.0000  dy =  -0.4679  dz =   0.0000
 i =   16  j =   26  energy =   3.8293  dx =   0.0000  dy =   0.2736  dz =   0.0000
 i =   16  j =   28  energy =   4.5892  dx =   0.0000  dy =   0.1480  dz =   0.0000
 i =   16  j =   29  energy =   4.8000  dx =  -0.4011  dy =   0.0000  dz =   0.0000
 i =   16  j =   30  energy =   4.8000  dx =  -0.1187  dy =   0.0000  dz =   0.0000
 i =   16  j =   31  energy =   4.8000  dx =   0.3276  dy =   0.0000  dz =   0.0000
 i =   16  j =   32  energy =   4.8000  dx =  -0.2042  dy =   0.0000  dz =   0.0000
 i =   16  j =   34  energy =   4.8000  dx =   0.1040  dy =   0.0000  dz =   0.0000
 i =   16  j =   35  energy =   4.8000  dx =  -0.3422  dy =   0.0000  dz =   0.0000
 i =   16  j =   36  energy =   4.8000  dx =  -0.1763  dy =   0.0000  dz =   0.0000
 i =   16  j =   37  energy =   5.0125  dx =   0.0000  dy =   0.1925  dz =   0.0000
 i =   16  j =   40  energy =   6.2123  dx =   0.0000  dy =   0.3300  dz =   0.0000
 i =   16  j =   42  energy =   6.9737  dx =   0.0000  dy =   0.1323  dz =   0.0000
 i =   17  j =   26  energy =   3.8293  dx =   0.0000  dy =   0.3092  dz =   0.0000
 i =   17  j =   28  energy =   4.5892  dx =   0.0000  dy =  -0.1671  dz =   0.0000
 i =   17  j =   29  energy =   4.8000  dx =  -0.1069  dy =   0.0000  dz =   0.0000
 i =   17  j =   32  energy =   4.8000  dx =  -0.1834  dy =   0.0000  dz =   0.0000
 i =   17  j =   33  energy =   4.8000  dx =  -0.1065  dy =   0.0000  dz =   0.0000
 i =   17  j =   34  energy =   4.8000  dx =  -0.3196  dy =   0.0000  dz =   0.0000
 i =   17  j =   35  energy =   4.8000  dx =   0.3154  dy =   0.0000  dz =   0.0000
 i =   17  j =   36  energy =   4.8000  dx =  -0.4748  dy =   0.0000  dz =   0.0000
 i =   17  j =   37  energy =   5.0125  dx =   0.0000  dy =  -0.2274  dz =   0.0000
 i =   17  j =   38  energy =   5.4344  dx =   0.0000  dy =   0.3591  dz =   0.0000
 i =   17  j =   39  energy =   5.8408  dx =   0.0000  dy =  -0.2756  dz =   0.0000
 i =   17  j =   42  energy =   6.9737  dx =   0.0000  dy =   0.1140  dz =   0.0000
 i =   18  j =   26  energy =   3.8293  dx =   0.0000  dy =   0.2779  dz =   0.0000
 i =   18  j =   27  energy =   4.1842  dx =   0.0000  dy =  -0.4241  dz =   0.0000
 i =   18  j =   28  energy =   4.5892  dx =   0.0000  dy =   0.3598  dz =   0.0000
 i =   18  j =   29  energy =   4.8000  dx =  -0.2418  dy =   0.0000  dz =   0.0000
 i =   18  j =   31  energy =   4.8000  dx =  -0.1213  dy =   0.0000  dz =   0.0000
 i =   18  j =   32  energy =   4.8000  dx =  -0.1817  dy =   0.0000  dz =   0.0000
 i =   18  j =   33  energy =   4.8000  dx =  -0.3117  dy =   0.0000  dz =   0.0000
 i =   18  j =   34  energy =   4.8000  dx =  -0.3431  dy =   0.0000  dz =   0.0000
 i =   18  j =   36  energy =   4.8000  dx =   0.3954  dy =   0.0000  dz =   0.0000
 i =   18  j =   37  energy =   5.0125  dx =   0.0000  dy =  -0.2014  dz =   0.0000
 i =   18  j =   38  energy =   5.4344  dx =   0.0000  dy =  -0.1124  dz =   0.0000
 i =   19  j =   25  energy =   3.5747  dx =   0.0000  dy =   0.1080  dz =   0.0000
 i =   19  j =   26  energy =   3.8293  dx =   0.0000  dy =  -0.2875  dz =   0.0000
 i =   19  j =   27  energy =   4.1842  dx =   0.0000  dy =   0.3059  dz =   0.0000
 i =   19  j =   28  energy =   4.5892  dx =   0.0000  dy =   0.3723  dz =   0.0000
 i =   19  j =   29  energy =   4.8000  dx =   0.2094  dy =   0.0000  dz =   0.0000
 i =   19  j =   32  energy =   4.8000  dx =  -0.5969  dy =   0.0000  dz =   0.0000
 i =   19  j =   34  energy =   4.8000  dx =   0.2089  dy =   0.0000  dz =   0.0000
 i =   19  j =   35  energy =   4.8000  dx =   0.1517  dy =   0.0000  dz =   0.0000
 i =   19  j =   36  energy =   4.8000  dx =   0.1272  dy =   0.0000  dz =   0.0000
 i =   19  j =   37  energy =   5.0125  dx =   0.0000  dy =  -0.2094  dz =   0.0000
 i =   19  j =   39  energy =   5.8408  dx =   0.0000  dy =  -0.2047  dz =   0.0000
 i =   19  j =   40  energy =   6.2123  dx =   0.0000  dy =   0.2119  dz =   0.0000
 i =   20  j =   25  energy =   3.5747  dx =   0.0000  dy =   0.2386  dz =   0.0000
 i =   20  j =   26  energy =   3.8293  dx =   0.0000  dy =   0.4798  dz =   0.0000
 i =   20  j =   27  energy =   4.1842  dx =   0.0000  dy =   0.3860  dz =   0.0000
 i =   20  j =   30  energy =   4.8000  dx =  -0.1064  dy =   0.0000  dz =   0.0000
 i =   20  j =   31  energy =   4.8000  dx =  -0.4948  dy =   0.0000  dz =   0.0000
 i =   20  j =   33  energy =   4.8000  dx =  -0.2034  dy =   0.0000  dz =   0.0000
 i =   20  j =   34  energy =   4.8000  dx =   0.2269  dy =   0.0000  dz =   0.0000
 i =   20  j =   35  energy =   4.8000  dx =  -0.3014  dy =   0.0000  dz =   0.0000
 i =   20  j =   36  energy =   4.8000  dx =  -0.2119  dy =   0.0000  dz =   0.0000
 i =   20  j =   37  energy =   5.0125  dx =   0.0000  dy =  -0.1359  dz =   0.0000
 i =   20  j =   38  energy =   5.4344  dx =   0.0000  dy =  -0.2044  dz =   0.0000
 i =   20  j =   44  energy =   7.5124  dx =   0.0000  dy =   0.1009  dz =   0.0000
 i =   21  j =   28  energy =   4.3785  dx =  -0.5716  dy =   0.0000  dz =   0.0000
 i =   21  j =   30  energy =   4.5892  dx =   0.0000  dy =  -0.3531  dz =   0.0000
 i =   21  j =   32  energy =   4.5892  dx =   0.0000  dy =  -0.3503  dz =   0.0000
 i =   21  j =   36  energy =   4.5892  dx =   0.0000  dy =   0.4147  dz =   0.0000
 i =   22  j =   27  energy =   3.5685  dx =   0.9462  dy =   0.0000  dz =   0.0000
 i =   22  j =   29  energy =   4.1842  dx =   0.0000  dy =  -0.1860  dz =   0.0000
 i =   22  j =   30  energy =   4.1842  dx =   0.0000  dy =   0.2311  dz =   0.0000
 i =   22  j =   31  energy =   4.1842  dx =   0.0000  dy =   0.2172  dz =   0.0000
 i =   22  j =   32  energy =   4.1842  dx =   0.0000  dy =   0.1195  dz =   0.0000
 i =   22  j =   34  energy =   4.1842  dx =   0.0000  dy =  -0.5295  dz =   0.0000
 i =   22  j =   35  energy =   4.1842  dx =   0.0000  dy =  -0.1010  dz =   0.0000
 i =   22  j =   36  energy =   4.1842  dx =   0.0000  dy =   0.2526  dz =   0.0000
 i =   23  j =   26  energy =   2.8586  dx =   1.5388  dy =   0.0000  dz =   0.0000
 i =   23  j =   29  energy =   3.8293  dx =   0.0000  dy =   0.2915  dz =   0.0000
 i =   23  j =   30  energy =   3.8293  dx =   0.0000  dy =   0.3351  dz =   0.0000
 i =   23  j =   31  energy =   3.8293  dx =   0.0000  dy =   0.2453  dz =   0.0000
 i =   23  j =   33  energy =   3.8293  dx =   0.0000  dy =   0.3374  dz =   0.0000
 i =   23  j =   34  energy =   3.8293  dx =   0.0000  dy =   0.1841  dz =   0.0000
 i =   23  j =   35  energy =   3.8293  dx =   0.0000  dy =   0.3040  dz =   0.0000
 i =   23  j =   36  energy =   3.8293  dx =   0.0000  dy =   0.3201  dz =   0.0000
 i =   24  j =   25  energy =   2.3495  dx =  -2.2797  dy =   0.0000  dz =   0.0000
 i =   24  j =   29  energy =   3.5747  dx =   0.0000  dy =   0.5618  dz =   0.0000
 i =   24  j =   31  energy =   3.5747  dx =   0.0000  dy =  -0.4303  dz =   0.0000
 i =   24  j =   33  energy =   3.5747  dx =   0.0000  dy =   0.1372  dz =   0.0000
 i =   24  j =   34  energy =   3.5747  dx =   0.0000  dy =  -0.3352  dz =   0.0000
 i =   24  j =   35  energy =   3.5747  dx =   0.0000  dy =  -0.1766  dz =   0.0000
 i =   24  j =   36  energy =   3.5747  dx =   0.0000  dy =   0.1025  dz =   0.0000
