 #TITLE:PPP                                                                     
  
 PPP Hamiltonian to be used
 Along with Ohno parameterization
 STANDARD OHNO PARAMETERS ARE BEING USED
 U=  11.1300
 r0=   1.2786
 Dielectric Constant =   1.0000
 The system is uncharged
 Total no. of atoms/cell:   6
 RHF Calculations will be performed
 Total no. of unit cells:   8
 Total no. of sites:  48
 Total no. of electrons:  48
 Convergence Threshold:    0.0000000100
 Maximum number of iterations:    100
 done with input
  
Site #     X-Coord     Y-Coord    Z-coord
  
    1    -16.59000     0.00000     0.00000
    2    -15.89000     1.21244     0.00000
    3    -15.89000    -1.21244     0.00000
    4    -14.49000     1.21244     0.00000
    5    -14.49000    -1.21244     0.00000
    6    -13.79000     0.00000     0.00000
    7    -12.25000     0.00000     0.00000
    8    -11.55000     1.21244     0.00000
    9    -11.55000    -1.21244     0.00000
   10    -10.15000     1.21244     0.00000
   11    -10.15000    -1.21244     0.00000
   12     -9.45000     0.00000     0.00000
   13     -7.91000     0.00000     0.00000
   14     -7.21000     1.21244     0.00000
   15     -7.21000    -1.21244     0.00000
   16     -5.81000     1.21244     0.00000
   17     -5.81000    -1.21244     0.00000
   18     -5.11000     0.00000     0.00000
   19     -3.57000     0.00000     0.00000
   20     -2.87000     1.21244     0.00000
   21     -2.87000    -1.21244     0.00000
   22     -1.47000     1.21244     0.00000
   23     -1.47000    -1.21244     0.00000
   24     -0.77000     0.00000     0.00000
   25      0.77000     0.00000     0.00000
   26      1.47000     1.21244     0.00000
   27      1.47000    -1.21244     0.00000
   28      2.87000     1.21244     0.00000
   29      2.87000    -1.21244     0.00000
   30      3.57000     0.00000     0.00000
   31      5.11000     0.00000     0.00000
   32      5.81000     1.21244     0.00000
   33      5.81000    -1.21244     0.00000
   34      7.21000     1.21244     0.00000
   35      7.21000    -1.21244     0.00000
   36      7.91000     0.00000     0.00000
   37      9.45000     0.00000     0.00000
   38     10.15000     1.21244     0.00000
   39     10.15000    -1.21244     0.00000
   40     11.55000     1.21244     0.00000
   41     11.55000    -1.21244     0.00000
   42     12.25000     0.00000     0.00000
   43     13.79000     0.00000     0.00000
   44     14.49000     1.21244     0.00000
   45     14.49000    -1.21244     0.00000
   46     15.89000     1.21244     0.00000
   47     15.89000    -1.21244     0.00000
   48     16.59000     0.00000     0.00000
  
  
 Total no. of Unique hopping elements read=      2
  
 Entering routine SCF
  
 Itr(i)     E(scf)        Ediff1(i-1)       Ediff2(i)       Evldiff(i)
  
      1    0.2359954E+04   0.0000000E+00    0.1000000E+04   0.1000000E+04
      2   -0.1103241E+03  -0.2470278E+04    0.0000000E+00   0.3034087E+01
      3   -0.1106123E+03  -0.2882529E+00   -0.2470278E+04   0.1234670E+00
      4   -0.1106654E+03  -0.5309439E-01   -0.2882529E+00   0.5069283E-01
      5   -0.1106756E+03  -0.1016952E-01   -0.5309439E-01   0.2182046E-01
      6   -0.1106776E+03  -0.1989230E-02   -0.1016952E-01   0.9617112E-02
      7   -0.1106780E+03  -0.3938090E-03   -0.1989230E-02   0.4289148E-02
      8   -0.1106781E+03  -0.7855258E-04   -0.3938090E-03   0.1924535E-02
      9   -0.1106781E+03  -0.1574842E-04   -0.7855258E-04   0.8662421E-03
     10   -0.1106781E+03  -0.3168476E-05   -0.1574842E-04   0.3905327E-03
     11   -0.1106781E+03  -0.6390824E-06   -0.3168476E-05   0.1762132E-03
     12   -0.1106781E+03  -0.1291355E-06   -0.6390824E-06   0.7954313E-04
     13   -0.1106781E+03  -0.2612796E-07   -0.1291355E-06   0.3591333E-04
     14   -0.1106781E+03  -0.5292350E-08   -0.2612796E-07   0.1621615E-04
     15   -0.1106781E+03  -0.1074113E-08   -0.5292350E-08   0.7322393E-05
  
 Convergence achieved after     15 iterations
  
 Final SCF energy:    -110.678070851997
  
 Nuc-Nuc energy:    2339.953813696495
  
 Eigen values of the Fock Matrix
  
  
              E  1
 #      1  -4.39060
 #      2  -4.30412
 #      3  -4.16087
 #      4  -3.96252
 #      5  -3.71244
 #      6  -3.41810
 #      7  -3.10017
 #      8  -2.82699
 #      9  -1.81871
 #     10  -1.39227
 #     11  -0.87167
 #     12  -0.30687
 #     13  -0.17419
 #     14  -0.16430
 #     15  -0.14929
 #     16  -0.13103
 #     17  -0.11179
 #     18  -0.09406
 #     19  -0.08014
 #     20  -0.07157
 #     21   0.27167
 #     22   0.82779
 #     23   1.30918
 #     24   1.64595
 #     25   9.48405
 #     26   9.82082
 #     27  10.30221
 #     28  10.85833
 #     29  11.20157
 #     30  11.21014
 #     31  11.22406
 #     32  11.24179
 #     33  11.26103
 #     34  11.27929
 #     35  11.29430
 #     36  11.30419
 #     37  11.43687
 #     38  12.00167
 #     39  12.52227
 #     40  12.94871
 #     41  13.95699
 #     42  14.23017
 #     43  14.54810
 #     44  14.84244
 #     45  15.09252
 #     46  15.29087
 #     47  15.43412
 #     48  15.52060
  
 Done with SCF calculations
