 #TITLE:PPP                                                                     
  
 PPP Hamiltonian to be used
 Along with Ohno parameterization
 STANDARD OHNO PARAMETERS ARE BEING USED
 U=  11.1300
 r0=   1.2786
 Dielectric Constant =   1.0000
 The system is uncharged
 Total no. of atoms/cell:   6
 RHF Calculations will be performed
 Linear optical Properties will be computed
 Data for single-particle optics calculations will
 put in the file
 spec001.dat                                                                    
  
 Wigner Line Width (eV):     0.1000
 Total no. of unit cells:   8
 Total no. of sites:  48
 Total no. of electrons:  48
 Convergence Threshold:    0.0000000100
 Maximum number of iterations:    100
 done with input
  
Site #     X-Coord     Y-Coord    Z-coord
  
    1    -16.59000     0.00000     0.00000
    2    -15.89000     1.21244     0.00000
    3    -15.89000    -1.21244     0.00000
    4    -14.49000     1.21244     0.00000
    5    -14.49000    -1.21244     0.00000
    6    -13.79000     0.00000     0.00000
    7    -12.25000     0.00000     0.00000
    8    -11.55000     1.21244     0.00000
    9    -11.55000    -1.21244     0.00000
   10    -10.15000     1.21244     0.00000
   11    -10.15000    -1.21244     0.00000
   12     -9.45000     0.00000     0.00000
   13     -7.91000     0.00000     0.00000
   14     -7.21000     1.21244     0.00000
   15     -7.21000    -1.21244     0.00000
   16     -5.81000     1.21244     0.00000
   17     -5.81000    -1.21244     0.00000
   18     -5.11000     0.00000     0.00000
   19     -3.57000     0.00000     0.00000
   20     -2.87000     1.21244     0.00000
   21     -2.87000    -1.21244     0.00000
   22     -1.47000     1.21244     0.00000
   23     -1.47000    -1.21244     0.00000
   24     -0.77000     0.00000     0.00000
   25      0.77000     0.00000     0.00000
   26      1.47000     1.21244     0.00000
   27      1.47000    -1.21244     0.00000
   28      2.87000     1.21244     0.00000
   29      2.87000    -1.21244     0.00000
   30      3.57000     0.00000     0.00000
   31      5.11000     0.00000     0.00000
   32      5.81000     1.21244     0.00000
   33      5.81000    -1.21244     0.00000
   34      7.21000     1.21244     0.00000
   35      7.21000    -1.21244     0.00000
   36      7.91000     0.00000     0.00000
   37      9.45000     0.00000     0.00000
   38     10.15000     1.21244     0.00000
   39     10.15000    -1.21244     0.00000
   40     11.55000     1.21244     0.00000
   41     11.55000    -1.21244     0.00000
   42     12.25000     0.00000     0.00000
   43     13.79000     0.00000     0.00000
   44     14.49000     1.21244     0.00000
   45     14.49000    -1.21244     0.00000
   46     15.89000     1.21244     0.00000
   47     15.89000    -1.21244     0.00000
   48     16.59000     0.00000     0.00000
  
  
 Total no. of Unique hopping elements read=      2
  
 Entering routine SCF
  
 Itr(i)     E(scf)        Ediff1(i-1)       Ediff2(i)       Evldiff(i)
  
      1    0.2359954E+04   0.0000000E+00    0.1000000E+04   0.1000000E+04
      2   -0.1103241E+03  -0.2470278E+04    0.0000000E+00   0.3034087E+01
      3   -0.1106123E+03  -0.2882529E+00   -0.2470278E+04   0.1234670E+00
      4   -0.1106654E+03  -0.5309439E-01   -0.2882529E+00   0.5069283E-01
      5   -0.1106756E+03  -0.1016952E-01   -0.5309439E-01   0.2182046E-01
      6   -0.1106776E+03  -0.1989230E-02   -0.1016952E-01   0.9617112E-02
      7   -0.1106780E+03  -0.3938090E-03   -0.1989230E-02   0.4289148E-02
      8   -0.1106781E+03  -0.7855258E-04   -0.3938090E-03   0.1924535E-02
      9   -0.1106781E+03  -0.1574842E-04   -0.7855258E-04   0.8662421E-03
     10   -0.1106781E+03  -0.3168476E-05   -0.1574842E-04   0.3905327E-03
     11   -0.1106781E+03  -0.6390824E-06   -0.3168476E-05   0.1762132E-03
     12   -0.1106781E+03  -0.1291355E-06   -0.6390824E-06   0.7954313E-04
     13   -0.1106781E+03  -0.2612796E-07   -0.1291355E-06   0.3591333E-04
     14   -0.1106781E+03  -0.5292350E-08   -0.2612796E-07   0.1621615E-04
     15   -0.1106781E+03  -0.1074113E-08   -0.5292350E-08   0.7322393E-05
  
 Convergence achieved after     15 iterations
  
 Final SCF energy:    -110.678070851997
  
 Nuc-Nuc energy:    2339.953813696495
  
 Eigen values of the Fock Matrix
  
  
              E  1
 #      1  -4.39060
 #      2  -4.30412
 #      3  -4.16087
 #      4  -3.96252
 #      5  -3.71244
 #      6  -3.41810
 #      7  -3.10017
 #      8  -2.82699
 #      9  -1.81871
 #     10  -1.39227
 #     11  -0.87167
 #     12  -0.30687
 #     13  -0.17419
 #     14  -0.16430
 #     15  -0.14929
 #     16  -0.13103
 #     17  -0.11179
 #     18  -0.09406
 #     19  -0.08014
 #     20  -0.07157
 #     21   0.27167
 #     22   0.82779
 #     23   1.30918
 #     24   1.64595
 #     25   9.48405
 #     26   9.82082
 #     27  10.30221
 #     28  10.85833
 #     29  11.20157
 #     30  11.21014
 #     31  11.22406
 #     32  11.24179
 #     33  11.26103
 #     34  11.27929
 #     35  11.29430
 #     36  11.30419
 #     37  11.43687
 #     38  12.00167
 #     39  12.52227
 #     40  12.94871
 #     41  13.95699
 #     42  14.23017
 #     43  14.54810
 #     44  14.84244
 #     45  15.09252
 #     46  15.29087
 #     47  15.43412
 #     48  15.52060
  
 Done with SCF calculations
  
 Entering routine OPTICS
  
  
 Single particle dipoles with cutoff:  0.10
  
 i =    3  j =   32  energy =  15.4027  dx =   0.0000  dy =   0.1096  dz =   0.0000
 i =    4  j =   33  energy =  15.2236  dx =   0.0000  dy =   0.1416  dz =   0.0000
 i =    5  j =   34  energy =  14.9917  dx =   0.0000  dy =  -0.1674  dz =   0.0000
 i =    6  j =   35  energy =  14.7124  dx =   0.0000  dy =   0.1793  dz =   0.0000
 i =    7  j =   36  energy =  14.4044  dx =   0.0000  dy =   0.1545  dz =   0.0000
 i =    9  j =   36  energy =  13.1229  dx =   0.0000  dy =   0.5666  dz =   0.0000
 i =    9  j =   40  energy =  14.7674  dx =   0.1583  dy =   0.0000  dz =   0.0000
 i =   10  j =   35  energy =  12.6866  dx =   0.0000  dy =   0.5647  dz =   0.0000
 i =   10  j =   39  energy =  13.9145  dx =   0.2318  dy =   0.0000  dz =   0.0000
 i =   11  j =   34  energy =  12.1510  dx =   0.0000  dy =  -0.5872  dz =   0.0000
 i =   11  j =   38  energy =  12.8733  dx =  -0.3411  dy =   0.0000  dz =   0.0000
 i =   12  j =   33  energy =  11.5679  dx =   0.0000  dy =  -0.6241  dz =   0.0000
 i =   12  j =   37  energy =  11.7437  dx =  -0.4956  dy =   0.0000  dz =   0.0000
 i =   13  j =   36  energy =  11.4784  dx =  -0.6760  dy =   0.0000  dz =   0.0000
 i =   13  j =   40  energy =  13.1229  dx =   0.0000  dy =   0.5666  dz =   0.0000
 i =   13  j =   42  energy =  14.4044  dx =   0.0000  dy =   0.1545  dz =   0.0000
 i =   14  j =   35  energy =  11.4586  dx =  -0.6801  dy =   0.0000  dz =   0.0000
 i =   14  j =   39  energy =  12.6866  dx =   0.0000  dy =   0.5647  dz =   0.0000
 i =   14  j =   43  energy =  14.7124  dx =   0.0000  dy =  -0.1793  dz =   0.0000
 i =   15  j =   34  energy =  11.4286  dx =   0.6865  dy =   0.0000  dz =   0.0000
 i =   15  j =   38  energy =  12.1510  dx =   0.0000  dy =  -0.5872  dz =   0.0000
 i =   15  j =   44  energy =  14.9917  dx =   0.0000  dy =   0.1674  dz =   0.0000
 i =   16  j =   33  energy =  11.3921  dx =   0.6946  dy =   0.0000  dz =   0.0000
 i =   16  j =   37  energy =  11.5679  dx =   0.0000  dy =  -0.6241  dz =   0.0000
 i =   16  j =   45  energy =  15.2236  dx =   0.0000  dy =  -0.1416  dz =   0.0000
 i =   17  j =   28  energy =  10.9701  dx =   0.0000  dy =  -0.6695  dz =   0.0000
 i =   17  j =   32  energy =  11.3536  dx =   0.7037  dy =   0.0000  dz =   0.0000
 i =   17  j =   46  energy =  15.4027  dx =   0.0000  dy =   0.1096  dz =   0.0000
 i =   18  j =   27  energy =  10.3963  dx =   0.0000  dy =  -0.7192  dz =   0.0000
 i =   18  j =   31  energy =  11.3181  dx =   0.7127  dy =   0.0000  dz =   0.0000
 i =   19  j =   26  energy =   9.9010  dx =   0.0000  dy =  -0.7669  dz =   0.0000
 i =   19  j =   30  energy =  11.2903  dx =  -0.7205  dy =   0.0000  dz =   0.0000
 i =   20  j =   25  energy =   9.5556  dx =   0.0000  dy =   0.8025  dz =   0.0000
 i =   20  j =   29  energy =  11.2731  dx =  -0.7259  dy =   0.0000  dz =   0.0000
 i =   21  j =   28  energy =  10.5867  dx =   0.7100  dy =   0.0000  dz =   0.0000
 i =   21  j =   32  energy =  10.9701  dx =   0.0000  dy =   0.6695  dz =   0.0000
 i =   22  j =   27  energy =   9.4744  dx =   0.9958  dy =   0.0000  dz =   0.0000
 i =   22  j =   31  energy =  10.3963  dx =   0.0000  dy =   0.7192  dz =   0.0000
 i =   23  j =   26  energy =   8.5116  dx =  -1.3375  dy =   0.0000  dz =   0.0000
 i =   23  j =   30  energy =   9.9010  dx =   0.0000  dy =   0.7669  dz =   0.0000
 i =   24  j =   25  energy =   7.8381  dx =   1.6512  dy =   0.0000  dz =   0.0000
 i =   24  j =   29  energy =   9.5556  dx =   0.0000  dy =   0.8025  dz =   0.0000
