 #TITLE:PPP                                                                     
  
 PPP Hamiltonian to be used
 Along with Ohno parameterization
 STANDARD OHNO PARAMETERS ARE BEING USED
 U=  11.1300
 r0=   1.2786
 Dielectric Constant =   1.0000
 The system is uncharged
 Total no. of atoms/cell:   8
 RHF Calculations will be performed
 Total no. of unit cells:   8
 ndelatm=           2
 Total no. of sites:  62
 Total no. of electrons:  62
 Convergence Threshold:    0.0000000100
 Maximum number of iterations:    100
 done with input
  
Site #     X-Coord     Y-Coord    Z-coord
  
    1    -24.30750     4.03135     0.00000
    2    -23.60750     5.24378     0.00000
    3    -23.60750     2.81891     0.00000
    4    -22.20750     5.24378     0.00000
    5    -22.20750     2.81891     0.00000
    6    -21.50750     4.03135     0.00000
    7    -19.96750     4.03135     0.00000
    8    -19.30250     2.87953     0.00000
    9    -17.76250     2.87953     0.00000
   10    -17.06250     4.09197     0.00000
   11    -17.06250     1.66710     0.00000
   12    -15.66250     4.09197     0.00000
   13    -15.66250     1.66710     0.00000
   14    -14.96250     2.87953     0.00000
   15    -13.42250     2.87953     0.00000
   16    -12.75750     1.72772     0.00000
   17    -11.21750     1.72772     0.00000
   18    -10.51750     2.94016     0.00000
   19    -10.51750     0.51529     0.00000
   20     -9.11750     2.94016     0.00000
   21     -9.11750     0.51529     0.00000
   22     -8.41750     1.72772     0.00000
   23     -6.87750     1.72772     0.00000
   24     -6.21250     0.57591     0.00000
   25     -4.67250     0.57591     0.00000
   26     -3.97250     1.78834     0.00000
   27     -3.97250    -0.63653     0.00000
   28     -2.57250     1.78834     0.00000
   29     -2.57250    -0.63653     0.00000
   30     -1.87250     0.57591     0.00000
   31     -0.33250     0.57591     0.00000
   32      0.33250    -0.57591     0.00000
   33      1.87250    -0.57591     0.00000
   34      2.57250     0.63653     0.00000
   35      2.57250    -1.78834     0.00000
   36      3.97250     0.63653     0.00000
   37      3.97250    -1.78834     0.00000
   38      4.67250    -0.57591     0.00000
   39      6.21250    -0.57591     0.00000
   40      6.87750    -1.72772     0.00000
   41      8.41750    -1.72772     0.00000
   42      9.11750    -0.51529     0.00000
   43      9.11750    -2.94016     0.00000
   44     10.51750    -0.51529     0.00000
   45     10.51750    -2.94016     0.00000
   46     11.21750    -1.72772     0.00000
   47     12.75750    -1.72772     0.00000
   48     13.42250    -2.87953     0.00000
   49     14.96250    -2.87953     0.00000
   50     15.66250    -1.66710     0.00000
   51     15.66250    -4.09197     0.00000
   52     17.06250    -1.66710     0.00000
   53     17.06250    -4.09197     0.00000
   54     17.76250    -2.87953     0.00000
   55     19.30250    -2.87953     0.00000
   56     19.96750    -4.03135     0.00000
   57     21.50750    -4.03135     0.00000
   58     22.20750    -2.81891     0.00000
   59     22.20750    -5.24378     0.00000
   60     23.60750    -2.81891     0.00000
   61     23.60750    -5.24378     0.00000
   62     24.30750    -4.03135     0.00000
  
  
 Total no. of Unique hopping elements read=      3
  
 Entering routine SCF
  
 Itr(i)     E(scf)        Ediff1(i-1)       Ediff2(i)       Evldiff(i)
  
      1    0.3064306E+04   0.0000000E+00    0.1000000E+04   0.1000000E+04
      2   -0.1387295E+03  -0.3203035E+04    0.0000000E+00   0.3094419E+01
      3   -0.1395163E+03  -0.7868815E+00   -0.3203035E+04   0.2075195E+00
      4   -0.1396976E+03  -0.1812727E+00   -0.7868815E+00   0.9085029E-01
      5   -0.1397390E+03  -0.4133667E-01   -0.1812727E+00   0.4132236E-01
      6   -0.1397483E+03  -0.9378576E-02   -0.4133667E-01   0.1922075E-01
      7   -0.1397505E+03  -0.2122389E-02   -0.9378576E-02   0.9048092E-02
      8   -0.1397509E+03  -0.4798149E-03   -0.2122389E-02   0.4286326E-02
      9   -0.1397510E+03  -0.1084655E-03   -0.4798149E-03   0.2037287E-02
     10   -0.1397511E+03  -0.2453267E-04   -0.1084655E-03   0.9699942E-03
     11   -0.1397511E+03  -0.5554987E-05   -0.2453267E-04   0.4622441E-03
     12   -0.1397511E+03  -0.1260291E-05   -0.5554987E-05   0.2203771E-03
     13   -0.1397511E+03  -0.2869278E-06   -0.1260291E-05   0.1050880E-03
     14   -0.1397511E+03  -0.6574010E-07   -0.2869278E-06   0.5011644E-04
     15   -0.1397511E+03  -0.1524040E-07   -0.6574010E-07   0.2390130E-04
     16   -0.1397511E+03  -0.3609330E-08   -0.1524040E-07   0.1139897E-04
     17   -0.1397511E+03  -0.8858478E-09   -0.3609330E-08   0.5436369E-05
  
 Convergence achieved after     17 iterations
  
 Final SCF energy:    -139.751079440404
  
 Nuc-Nuc energy:    3044.305815404193
  
 Eigen values of the Fock Matrix
  
  
              E  1
 #      1  -4.12909
 #      2  -4.09168
 #      3  -4.03045
 #      4  -3.94763
 #      5  -3.84776
 #      6  -3.74047
 #      7  -3.63952
 #      8  -3.61814
 #      9  -2.64249
 #     10  -2.47093
 #     11  -2.23263
 #     12  -1.94983
 #     13  -1.63336
 #     14  -1.28919
 #     15  -0.92075
 #     16  -0.56282
 #     17  -0.15207
 #     18  -0.13076
 #     19  -0.12833
 #     20  -0.12672
 #     21  -0.12383
 #     22  -0.12283
 #     23  -0.12171
 #     24  -0.11564
 #     25  -0.11501
 #     26   0.26011
 #     27   0.65855
 #     28   1.03751
 #     29   1.37684
 #     30   1.65081
 #     31   1.83113
 #     32   9.29887
 #     33   9.47919
 #     34   9.75316
 #     35  10.09249
 #     36  10.47145
 #     37  10.86989
 #     38  11.24501
 #     39  11.24564
 #     40  11.25171
 #     41  11.25283
 #     42  11.25383
 #     43  11.25672
 #     44  11.25833
 #     45  11.26076
 #     46  11.28207
 #     47  11.69282
 #     48  12.05075
 #     49  12.41919
 #     50  12.76336
 #     51  13.07983
 #     52  13.36263
 #     53  13.60093
 #     54  13.77249
 #     55  14.74814
 #     56  14.76952
 #     57  14.87047
 #     58  14.97776
 #     59  15.07763
 #     60  15.16045
 #     61  15.22168
 #     62  15.25909
  
 Done with SCF calculations
