 #TITLE:PPP                                                                     
  
 PPP Hamiltonian to be used
 Along with Ohno parameterization
 SCREENED PARAMETERS ARE BEING USED
 U=   8.0000
 r0=   1.2786
 Dielectric Constant =   2.0000
 The system is uncharged
 Total no. of atoms/cell:   8
 RHF Calculations will be performed
 Total no. of unit cells:   8
 ndelatm=           2
 Total no. of sites:  62
 Total no. of electrons:  62
 Convergence Threshold:    0.0000000100
 Maximum number of iterations:    100
 done with input
  
Site #     X-Coord     Y-Coord    Z-coord
  
    1    -24.30750     4.03135     0.00000
    2    -23.60750     5.24378     0.00000
    3    -23.60750     2.81891     0.00000
    4    -22.20750     5.24378     0.00000
    5    -22.20750     2.81891     0.00000
    6    -21.50750     4.03135     0.00000
    7    -19.96750     4.03135     0.00000
    8    -19.30250     2.87953     0.00000
    9    -17.76250     2.87953     0.00000
   10    -17.06250     4.09197     0.00000
   11    -17.06250     1.66710     0.00000
   12    -15.66250     4.09197     0.00000
   13    -15.66250     1.66710     0.00000
   14    -14.96250     2.87953     0.00000
   15    -13.42250     2.87953     0.00000
   16    -12.75750     1.72772     0.00000
   17    -11.21750     1.72772     0.00000
   18    -10.51750     2.94016     0.00000
   19    -10.51750     0.51529     0.00000
   20     -9.11750     2.94016     0.00000
   21     -9.11750     0.51529     0.00000
   22     -8.41750     1.72772     0.00000
   23     -6.87750     1.72772     0.00000
   24     -6.21250     0.57591     0.00000
   25     -4.67250     0.57591     0.00000
   26     -3.97250     1.78834     0.00000
   27     -3.97250    -0.63653     0.00000
   28     -2.57250     1.78834     0.00000
   29     -2.57250    -0.63653     0.00000
   30     -1.87250     0.57591     0.00000
   31     -0.33250     0.57591     0.00000
   32      0.33250    -0.57591     0.00000
   33      1.87250    -0.57591     0.00000
   34      2.57250     0.63653     0.00000
   35      2.57250    -1.78834     0.00000
   36      3.97250     0.63653     0.00000
   37      3.97250    -1.78834     0.00000
   38      4.67250    -0.57591     0.00000
   39      6.21250    -0.57591     0.00000
   40      6.87750    -1.72772     0.00000
   41      8.41750    -1.72772     0.00000
   42      9.11750    -0.51529     0.00000
   43      9.11750    -2.94016     0.00000
   44     10.51750    -0.51529     0.00000
   45     10.51750    -2.94016     0.00000
   46     11.21750    -1.72772     0.00000
   47     12.75750    -1.72772     0.00000
   48     13.42250    -2.87953     0.00000
   49     14.96250    -2.87953     0.00000
   50     15.66250    -1.66710     0.00000
   51     15.66250    -4.09197     0.00000
   52     17.06250    -1.66710     0.00000
   53     17.06250    -4.09197     0.00000
   54     17.76250    -2.87953     0.00000
   55     19.30250    -2.87953     0.00000
   56     19.96750    -4.03135     0.00000
   57     21.50750    -4.03135     0.00000
   58     22.20750    -2.81891     0.00000
   59     22.20750    -5.24378     0.00000
   60     23.60750    -2.81891     0.00000
   61     23.60750    -5.24378     0.00000
   62     24.30750    -4.03135     0.00000
  
  
 Total no. of Unique hopping elements read=      3
  
 Entering routine SCF
  
 Itr(i)     E(scf)        Ediff1(i-1)       Ediff2(i)       Evldiff(i)
  
      1    0.1114090E+04   0.0000000E+00    0.1000000E+04   0.1000000E+04
      2   -0.1173487E+03  -0.1231439E+04    0.0000000E+00   0.3111937E+01
      3   -0.1174924E+03  -0.1437125E+00   -0.1231439E+04   0.4525100E-01
      4   -0.1175043E+03  -0.1188479E-01   -0.1437125E+00   0.1262459E-01
      5   -0.1175053E+03  -0.1001646E-02   -0.1188479E-01   0.3645957E-02
      6   -0.1175053E+03  -0.8534811E-04   -0.1001646E-02   0.1066951E-02
      7   -0.1175054E+03  -0.7316501E-05   -0.8534811E-04   0.3138914E-03
      8   -0.1175054E+03  -0.6294392E-06   -0.7316501E-05   0.9254911E-04
      9   -0.1175054E+03  -0.5427637E-07   -0.6294392E-06   0.2731265E-04
     10   -0.1175054E+03  -0.4687763E-08   -0.5427637E-07   0.8063328E-05
     11   -0.1175054E+03  -0.4065441E-09   -0.4687763E-08   0.2380786E-05
  
 Convergence achieved after     11 iterations
  
 Final SCF energy:    -117.505351967491
  
 Nuc-Nuc energy:    1094.090140306986
  
 Eigen values of the Fock Matrix
  
  
              E  1
 #      1  -2.97573
 #      2  -2.94162
 #      3  -2.88566
 #      4  -2.80961
 #      5  -2.71705
 #      6  -2.61589
 #      7  -2.51518
 #      8  -2.49529
 #      9  -1.73188
 #     10  -1.57565
 #     11  -1.36484
 #     12  -1.11927
 #     13  -0.84795
 #     14  -0.55577
 #     15  -0.24062
 #     16  -0.07004
 #     17   0.41078
 #     18   0.41141
 #     19   0.41270
 #     20   0.41362
 #     21   0.41467
 #     22   0.41538
 #     23   0.41935
 #     24   0.41948
 #     25   0.43481
 #     26   0.76848
 #     27   1.10730
 #     28   1.43619
 #     29   1.73850
 #     30   1.99052
 #     31   2.16175
 #     32   5.83825
 #     33   6.00948
 #     34   6.26150
 #     35   6.56381
 #     36   6.89270
 #     37   7.23152
 #     38   7.56519
 #     39   7.58052
 #     40   7.58065
 #     41   7.58462
 #     42   7.58533
 #     43   7.58638
 #     44   7.58730
 #     45   7.58859
 #     46   7.58922
 #     47   8.07004
 #     48   8.24062
 #     49   8.55577
 #     50   8.84795
 #     51   9.11927
 #     52   9.36484
 #     53   9.57565
 #     54   9.73188
 #     55  10.49529
 #     56  10.51518
 #     57  10.61589
 #     58  10.71705
 #     59  10.80961
 #     60  10.88566
 #     61  10.94162
 #     62  10.97573
  
 Done with SCF calculations
