 #TITLE:PPP                                                                     
  
 PPP Hamiltonian to be used
 Along with Ohno parameterization
 STANDARD OHNO PARAMETERS ARE BEING USED
 U=  11.1300
 r0=   1.2786
 Dielectric Constant =   1.0000
 The system is uncharged
 Total no. of atoms/cell:   2
 RHF Calculations will be performed
 Total no. of unit cells:  10
 Total no. of sites:  20
 Total no. of electrons:  20
 Convergence Threshold:    0.0000000100
 Maximum number of iterations:    100
 done with input
  
Site #     X-Coord     Y-Coord    Z-coord
  
    1    -11.49173     0.34948     0.00000
    2    -10.33675    -0.34948     0.00000
    3     -9.06634     0.34948     0.00000
    4     -7.91137    -0.34948     0.00000
    5     -6.64095     0.34948     0.00000
    6     -5.48598    -0.34948     0.00000
    7     -4.21557     0.34948     0.00000
    8     -3.06059    -0.34948     0.00000
    9     -1.79018     0.34948     0.00000
   10     -0.63521    -0.34948     0.00000
   11      0.63521     0.34948     0.00000
   12      1.79018    -0.34948     0.00000
   13      3.06059     0.34948     0.00000
   14      4.21557    -0.34948     0.00000
   15      5.48598     0.34948     0.00000
   16      6.64095    -0.34948     0.00000
   17      7.91137     0.34948     0.00000
   18      9.06634    -0.34948     0.00000
   19     10.33675     0.34948     0.00000
   20     11.49173    -0.34948     0.00000
  
  
 Total no. of Unique hopping elements read=      2
  
 Entering routine SCF
  
 Itr(i)     E(scf)        Ediff1(i-1)       Ediff2(i)       Evldiff(i)
  
      1    0.5289154E+03   0.0000000E+00    0.1000000E+04   0.1000000E+04
      2   -0.3942353E+02  -0.5683389E+03    0.0000000E+00   0.3473016E+01
      3   -0.4004682E+02  -0.6232971E+00   -0.5683389E+03   0.3243978E+00
      4   -0.4026824E+02  -0.2214222E+00   -0.6232971E+00   0.1794470E+00
      5   -0.4033949E+02  -0.7124256E-01   -0.2214222E+00   0.9654197E-01
      6   -0.4036120E+02  -0.2171297E-01   -0.7124256E-01   0.5163960E-01
      7   -0.4036763E+02  -0.6429225E-02   -0.2171297E-01   0.2762441E-01
      8   -0.4036950E+02  -0.1875098E-02   -0.6429225E-02   0.1479481E-01
      9   -0.4037005E+02  -0.5426681E-03   -0.1875098E-02   0.7931890E-02
     10   -0.4037020E+02  -0.1564639E-03   -0.5426681E-03   0.4255573E-02
     11   -0.4037025E+02  -0.4503741E-04   -0.1564639E-03   0.2284221E-02
     12   -0.4037026E+02  -0.1295624E-04   -0.4503741E-04   0.1226415E-02
     13   -0.4037027E+02  -0.3727014E-05   -0.1295624E-04   0.6585766E-03
     14   -0.4037027E+02  -0.1072319E-05   -0.3727014E-05   0.3536826E-03
     15   -0.4037027E+02  -0.3086083E-06   -0.1072319E-05   0.1899512E-03
     16   -0.4037027E+02  -0.8884240E-07   -0.3086083E-06   0.1020189E-03
     17   -0.4037027E+02  -0.2558306E-07   -0.8884240E-07   0.5479288E-04
     18   -0.4037027E+02  -0.7368612E-08   -0.2558306E-07   0.2942856E-04
     19   -0.4037027E+02  -0.2123102E-08   -0.7368612E-08   0.1580569E-04
     20   -0.4037027E+02  -0.6117489E-09   -0.2123102E-08   0.8489009E-05
  
 Convergence achieved after     20 iterations
  
 Final SCF energy:     -40.370267162353
  
 Nuc-Nuc energy:     508.915405576786
  
 Eigen values of the Fock Matrix
  
  
              E  1
 #      1  -3.34548
 #      2  -3.14396
 #      3  -2.81052
 #      4  -2.34862
 #      5  -1.76370
 #      6  -1.06446
 #      7  -0.26644
 #      8   0.59888
 #      9   1.46105
 #     10   2.16494
 #     11   8.96506
 #     12   9.66895
 #     13  10.53112
 #     14  11.39644
 #     15  12.19446
 #     16  12.89370
 #     17  13.47862
 #     18  13.94052
 #     19  14.27396
 #     20  14.47548
  
 Done with SCF calculations
