 #TITLE:PPP                                                                     
  
 PPP Hamiltonian to be used
 Along with Ohno parameterization
 STANDARD OHNO PARAMETERS ARE BEING USED
 U=  11.1300
 r0=   1.2786
 Dielectric Constant =   1.0000
 The system is uncharged
 Total no. of atoms/cell:   2
 RHF Calculations will be performed
 Files will be written for subsequent CI calculations
 dipole matrix elements file will be created
 Orbitals will be printed in the output file
 Total no. of unit cells:  10
 Total no. of sites:  20
 Total no. of electrons:  20
 Convergence Threshold:    0.0000000100
 Maximum number of iterations:    100
 done with input
  
Site #     X-Coord     Y-Coord    Z-coord
  
    1    -11.49173     0.34948     0.00000
    2    -10.33675    -0.34948     0.00000
    3     -9.06634     0.34948     0.00000
    4     -7.91137    -0.34948     0.00000
    5     -6.64095     0.34948     0.00000
    6     -5.48598    -0.34948     0.00000
    7     -4.21557     0.34948     0.00000
    8     -3.06059    -0.34948     0.00000
    9     -1.79018     0.34948     0.00000
   10     -0.63521    -0.34948     0.00000
   11      0.63521     0.34948     0.00000
   12      1.79018    -0.34948     0.00000
   13      3.06059     0.34948     0.00000
   14      4.21557    -0.34948     0.00000
   15      5.48598     0.34948     0.00000
   16      6.64095    -0.34948     0.00000
   17      7.91137     0.34948     0.00000
   18      9.06634    -0.34948     0.00000
   19     10.33675     0.34948     0.00000
   20     11.49173    -0.34948     0.00000
  
  
 Total no. of Unique hopping elements read=      2
  
 Entering routine SCF
  
 Itr(i)     E(scf)        Ediff1(i-1)       Ediff2(i)       Evldiff(i)
  
      1    0.5289154E+03   0.0000000E+00    0.1000000E+04   0.1000000E+04
      2   -0.3942353E+02  -0.5683389E+03    0.0000000E+00   0.3473016E+01
      3   -0.4004682E+02  -0.6232971E+00   -0.5683389E+03   0.3243978E+00
      4   -0.4026824E+02  -0.2214222E+00   -0.6232971E+00   0.1794470E+00
      5   -0.4033949E+02  -0.7124256E-01   -0.2214222E+00   0.9654197E-01
      6   -0.4036120E+02  -0.2171297E-01   -0.7124256E-01   0.5163960E-01
      7   -0.4036763E+02  -0.6429225E-02   -0.2171297E-01   0.2762441E-01
      8   -0.4036950E+02  -0.1875098E-02   -0.6429225E-02   0.1479481E-01
      9   -0.4037005E+02  -0.5426681E-03   -0.1875098E-02   0.7931890E-02
     10   -0.4037020E+02  -0.1564639E-03   -0.5426681E-03   0.4255573E-02
     11   -0.4037025E+02  -0.4503741E-04   -0.1564639E-03   0.2284221E-02
     12   -0.4037026E+02  -0.1295624E-04   -0.4503741E-04   0.1226415E-02
     13   -0.4037027E+02  -0.3727014E-05   -0.1295624E-04   0.6585766E-03
     14   -0.4037027E+02  -0.1072319E-05   -0.3727014E-05   0.3536826E-03
     15   -0.4037027E+02  -0.3086083E-06   -0.1072319E-05   0.1899512E-03
     16   -0.4037027E+02  -0.8884240E-07   -0.3086083E-06   0.1020189E-03
     17   -0.4037027E+02  -0.2558306E-07   -0.8884240E-07   0.5479288E-04
     18   -0.4037027E+02  -0.7368612E-08   -0.2558306E-07   0.2942856E-04
     19   -0.4037027E+02  -0.2123102E-08   -0.7368612E-08   0.1580569E-04
     20   -0.4037027E+02  -0.6117489E-09   -0.2123102E-08   0.8489009E-05
  
 Convergence achieved after     20 iterations
  
 Final SCF energy:     -40.370267162353
  
 Nuc-Nuc energy:     508.915405576786
  
 Eigen values of the Fock Matrix
  
  
              E  1
 #      1  -3.34548
 #      2  -3.14396
 #      3  -2.81052
 #      4  -2.34862
 #      5  -1.76370
 #      6  -1.06446
 #      7  -0.26644
 #      8   0.59888
 #      9   1.46105
 #     10   2.16494
 #     11   8.96506
 #     12   9.66895
 #     13  10.53112
 #     14  11.39644
 #     15  12.19446
 #     16  12.89370
 #     17  13.47862
 #     18  13.94052
 #     19  14.27396
 #     20  14.47548
  
   
 Occupied Orbitals
   
  
            ORB  1    ORB  2    ORB  3    ORB  4    ORB  5    ORB  6
 Site   1   0.05573   0.11018   0.16196   0.20945   0.25070   0.28288
 Site   2   0.09080   0.17351   0.24067   0.28622   0.30612   0.29874
 Site   3   0.14036   0.24969   0.30291   0.28614   0.20004   0.06095
 Site   4   0.17228   0.28503   0.29938   0.21076   0.05049  -0.12543
 Site   5   0.21381   0.30640   0.22399   0.01179  -0.20824  -0.30338
 Site   6   0.23870   0.29967   0.13806  -0.12512  -0.29458  -0.24744
 Site   7   0.26863   0.25892  -0.01998  -0.27792  -0.24190   0.05410
 Site   8   0.28450   0.21281  -0.12436  -0.30551  -0.10752   0.22056
 Site   9   0.30015   0.12359  -0.24925  -0.22350   0.16101   0.28287
 Site  10   0.30559   0.05371  -0.29537  -0.10765   0.27338   0.16258
 Site  11   0.30559  -0.05371  -0.29537   0.10765   0.27338  -0.16258
 Site  12   0.30015  -0.12359  -0.24925   0.22350   0.16101  -0.28287
 Site  13   0.28450  -0.21281  -0.12436   0.30551  -0.10752  -0.22056
 Site  14   0.26863  -0.25892  -0.01998   0.27792  -0.24190  -0.05410
 Site  15   0.23870  -0.29967   0.13806   0.12512  -0.29458   0.24744
 Site  16   0.21381  -0.30640   0.22399  -0.01179  -0.20824   0.30338
 Site  17   0.17228  -0.28503   0.29938  -0.21076   0.05049   0.12543
 Site  18   0.14036  -0.24969   0.30291  -0.28614   0.20004  -0.06095
 Site  19   0.09080  -0.17351   0.24067  -0.28622   0.30612  -0.29874
 Site  20   0.05573  -0.11018   0.16196  -0.20945   0.25070  -0.28288
  
            ORB  7    ORB  8    ORB  9    ORB 10
 Site   1  -0.30142   0.29813  -0.25807   0.15954
 Site   2  -0.26526   0.20995  -0.14063   0.06808
 Site   3   0.09985  -0.23753   0.29558  -0.21641
 Site   4   0.25655  -0.30046   0.24982  -0.13505
 Site   5   0.20699   0.03185  -0.25270   0.25878
 Site   6   0.02323   0.21131  -0.29518   0.19540
 Site   7  -0.29022   0.19271   0.14099  -0.28369
 Site   8  -0.27752   0.00657   0.26144  -0.24362
 Site   9   0.06115  -0.29833   0.00912   0.28949
 Site  10   0.23373  -0.22022  -0.15666   0.27579
 Site  11   0.23373   0.22022  -0.15666  -0.27579
 Site  12   0.06115   0.29833   0.00912  -0.28949
 Site  13  -0.27752  -0.00657   0.26144   0.24362
 Site  14  -0.29022  -0.19271   0.14099   0.28369
 Site  15   0.02323  -0.21131  -0.29518  -0.19540
 Site  16   0.20699  -0.03185  -0.25270  -0.25878
 Site  17   0.25655   0.30046   0.24982   0.13505
 Site  18   0.09985   0.23753   0.29558   0.21641
 Site  19  -0.26526  -0.20995  -0.14063  -0.06808
 Site  20  -0.30142  -0.29813  -0.25807  -0.15954
   
 Virtual orbitals
   
  
            ORB 11    ORB 12    ORB 13    ORB 14    ORB 15    ORB 16
 Site   1  -0.15954   0.25807  -0.29813   0.30142   0.28288   0.25070
 Site   2   0.06808  -0.14063   0.20995  -0.26526  -0.29874  -0.30612
 Site   3   0.21641  -0.29558   0.23753  -0.09985   0.06095   0.20004
 Site   4  -0.13505   0.24982  -0.30046   0.25655   0.12543  -0.05049
 Site   5  -0.25878   0.25270  -0.03185  -0.20699  -0.30338  -0.20824
 Site   6   0.19540  -0.29518   0.21131   0.02323   0.24744   0.29458
 Site   7   0.28369  -0.14099  -0.19271   0.29022   0.05410  -0.24190
 Site   8  -0.24362   0.26144   0.00657  -0.27752  -0.22056   0.10752
 Site   9  -0.28949  -0.00912   0.29833  -0.06115   0.28287   0.16101
 Site  10   0.27579  -0.15666  -0.22022   0.23373  -0.16258  -0.27338
 Site  11   0.27579   0.15666  -0.22022  -0.23373  -0.16258   0.27338
 Site  12  -0.28949   0.00912   0.29833   0.06115   0.28287  -0.16101
 Site  13  -0.24362  -0.26144   0.00657   0.27752  -0.22056  -0.10752
 Site  14   0.28369   0.14099  -0.19271  -0.29022   0.05410   0.24190
 Site  15   0.19540   0.29518   0.21131  -0.02323   0.24744  -0.29458
 Site  16  -0.25878  -0.25270  -0.03185   0.20699  -0.30338   0.20824
 Site  17  -0.13505  -0.24982  -0.30046  -0.25655   0.12543   0.05049
 Site  18   0.21641   0.29558   0.23753   0.09985   0.06095  -0.20004
 Site  19   0.06808   0.14063   0.20995   0.26526  -0.29874   0.30612
 Site  20  -0.15954  -0.25807  -0.29813  -0.30142   0.28288  -0.25070
  
            ORB 17    ORB 18    ORB 19    ORB 20
 Site   1  -0.20945   0.16196   0.11018  -0.05573
 Site   2   0.28622  -0.24067  -0.17351   0.09080
 Site   3  -0.28614   0.30291   0.24969  -0.14036
 Site   4   0.21076  -0.29938  -0.28503   0.17228
 Site   5  -0.01179   0.22399   0.30640  -0.21381
 Site   6  -0.12512  -0.13806  -0.29967   0.23870
 Site   7   0.27792  -0.01998   0.25892  -0.26863
 Site   8  -0.30551   0.12436  -0.21281   0.28450
 Site   9   0.22350  -0.24925   0.12359  -0.30015
 Site  10  -0.10765   0.29537  -0.05371   0.30559
 Site  11  -0.10765  -0.29537  -0.05371  -0.30559
 Site  12   0.22350   0.24925   0.12359   0.30015
 Site  13  -0.30551  -0.12436  -0.21281  -0.28450
 Site  14   0.27792   0.01998   0.25892   0.26863
 Site  15  -0.12512   0.13806  -0.29967  -0.23870
 Site  16  -0.01179  -0.22399   0.30640   0.21381
 Site  17   0.21076   0.29938  -0.28503  -0.17228
 Site  18  -0.28614  -0.30291   0.24969   0.14036
 Site  19   0.28622   0.24067  -0.17351  -0.09080
 Site  20  -0.20945  -0.16196   0.11018   0.05573
 Done with SCF calculations
 Total number of orbitals in the CI calculations:  20
