 #TITLE:PPP                                                                     
  
 PPP Hamiltonian to be used
 Along with Ohno parameterization
 STANDARD OHNO PARAMETERS ARE BEING USED
 U=  11.1300
 r0=   1.2786
 Dielectric Constant =   1.0000
 The system is uncharged
 Total no. of atoms/cell:   2
 RHF Calculations will be performed
 Singles CI Calculations will be performed
 Total no. of unit cells:  10
 Total no. of sites:  20
 Total no. of electrons:  20
 Convergence Threshold:    0.0000000100
 Maximum number of iterations:    100
 done with input
  
Site #     X-Coord     Y-Coord    Z-coord
  
    1    -11.49173     0.34948     0.00000
    2    -10.33675    -0.34948     0.00000
    3     -9.06634     0.34948     0.00000
    4     -7.91137    -0.34948     0.00000
    5     -6.64095     0.34948     0.00000
    6     -5.48598    -0.34948     0.00000
    7     -4.21557     0.34948     0.00000
    8     -3.06059    -0.34948     0.00000
    9     -1.79018     0.34948     0.00000
   10     -0.63521    -0.34948     0.00000
   11      0.63521     0.34948     0.00000
   12      1.79018    -0.34948     0.00000
   13      3.06059     0.34948     0.00000
   14      4.21557    -0.34948     0.00000
   15      5.48598     0.34948     0.00000
   16      6.64095    -0.34948     0.00000
   17      7.91137     0.34948     0.00000
   18      9.06634    -0.34948     0.00000
   19     10.33675     0.34948     0.00000
   20     11.49173    -0.34948     0.00000
  
  
 Total no. of Unique hopping elements read=      2
  
 Entering routine SCF
  
 Itr(i)     E(scf)        Ediff1(i-1)       Ediff2(i)       Evldiff(i)
  
      1    0.5289154E+03   0.0000000E+00    0.1000000E+04   0.1000000E+04
      2   -0.3942353E+02  -0.5683389E+03    0.0000000E+00   0.3473016E+01
      3   -0.4004682E+02  -0.6232971E+00   -0.5683389E+03   0.3243978E+00
      4   -0.4026824E+02  -0.2214222E+00   -0.6232971E+00   0.1794470E+00
      5   -0.4033949E+02  -0.7124256E-01   -0.2214222E+00   0.9654197E-01
      6   -0.4036120E+02  -0.2171297E-01   -0.7124256E-01   0.5163960E-01
      7   -0.4036763E+02  -0.6429225E-02   -0.2171297E-01   0.2762441E-01
      8   -0.4036950E+02  -0.1875098E-02   -0.6429225E-02   0.1479481E-01
      9   -0.4037005E+02  -0.5426681E-03   -0.1875098E-02   0.7931890E-02
     10   -0.4037020E+02  -0.1564639E-03   -0.5426681E-03   0.4255573E-02
     11   -0.4037025E+02  -0.4503741E-04   -0.1564639E-03   0.2284221E-02
     12   -0.4037026E+02  -0.1295624E-04   -0.4503741E-04   0.1226415E-02
     13   -0.4037027E+02  -0.3727014E-05   -0.1295624E-04   0.6585766E-03
     14   -0.4037027E+02  -0.1072319E-05   -0.3727014E-05   0.3536826E-03
     15   -0.4037027E+02  -0.3086083E-06   -0.1072319E-05   0.1899512E-03
     16   -0.4037027E+02  -0.8884240E-07   -0.3086083E-06   0.1020189E-03
     17   -0.4037027E+02  -0.2558306E-07   -0.8884240E-07   0.5479288E-04
     18   -0.4037027E+02  -0.7368612E-08   -0.2558306E-07   0.2942856E-04
     19   -0.4037027E+02  -0.2123102E-08   -0.7368612E-08   0.1580569E-04
     20   -0.4037027E+02  -0.6117489E-09   -0.2123102E-08   0.8489009E-05
  
 Convergence achieved after     20 iterations
  
 Final SCF energy:     -40.370267162353
  
 Nuc-Nuc energy:     508.915405576786
  
 Eigen values of the Fock Matrix
  
  
              E  1
 #      1  -3.34548
 #      2  -3.14396
 #      3  -2.81052
 #      4  -2.34862
 #      5  -1.76370
 #      6  -1.06446
 #      7  -0.26644
 #      8   0.59888
 #      9   1.46105
 #     10   2.16494
 #     11   8.96506
 #     12   9.66895
 #     13  10.53112
 #     14  11.39644
 #     15  12.19446
 #     16  12.89370
 #     17  13.47862
 #     18  13.94052
 #     19  14.27396
 #     20  14.47548
  
 Done with SCF calculations
  
 Entering routine SCI
  
 SR sci: total no. of orbitals:  20
  
 Starting SCI matrix construction
  
 Starting the diagonalization of the SCI matrix
  
 i =   1 j=  11mm =    1
 i =   1 j=  12mm =    2
 i =   1 j=  13mm =    3
 i =   1 j=  14mm =    4
 i =   1 j=  15mm =    5
 i =   1 j=  16mm =    6
 i =   1 j=  17mm =    7
 i =   1 j=  18mm =    8
 i =   1 j=  19mm =    9
 i =   1 j=  20mm =   10
 i =   2 j=  11mm =   11
 i =   2 j=  12mm =   12
 i =   2 j=  13mm =   13
 i =   2 j=  14mm =   14
 i =   2 j=  15mm =   15
 i =   2 j=  16mm =   16
 i =   2 j=  17mm =   17
 i =   2 j=  18mm =   18
 i =   2 j=  19mm =   19
 i =   2 j=  20mm =   20
 i =   3 j=  11mm =   21
 i =   3 j=  12mm =   22
 i =   3 j=  13mm =   23
 i =   3 j=  14mm =   24
 i =   3 j=  15mm =   25
 i =   3 j=  16mm =   26
 i =   3 j=  17mm =   27
 i =   3 j=  18mm =   28
 i =   3 j=  19mm =   29
 i =   3 j=  20mm =   30
 i =   4 j=  11mm =   31
 i =   4 j=  12mm =   32
 i =   4 j=  13mm =   33
 i =   4 j=  14mm =   34
 i =   4 j=  15mm =   35
 i =   4 j=  16mm =   36
 i =   4 j=  17mm =   37
 i =   4 j=  18mm =   38
 i =   4 j=  19mm =   39
 i =   4 j=  20mm =   40
 i =   5 j=  11mm =   41
 i =   5 j=  12mm =   42
 i =   5 j=  13mm =   43
 i =   5 j=  14mm =   44
 i =   5 j=  15mm =   45
 i =   5 j=  16mm =   46
 i =   5 j=  17mm =   47
 i =   5 j=  18mm =   48
 i =   5 j=  19mm =   49
 i =   5 j=  20mm =   50
 i =   6 j=  11mm =   51
 i =   6 j=  12mm =   52
 i =   6 j=  13mm =   53
 i =   6 j=  14mm =   54
 i =   6 j=  15mm =   55
 i =   6 j=  16mm =   56
 i =   6 j=  17mm =   57
 i =   6 j=  18mm =   58
 i =   6 j=  19mm =   59
 i =   6 j=  20mm =   60
 i =   7 j=  11mm =   61
 i =   7 j=  12mm =   62
 i =   7 j=  13mm =   63
 i =   7 j=  14mm =   64
 i =   7 j=  15mm =   65
 i =   7 j=  16mm =   66
 i =   7 j=  17mm =   67
 i =   7 j=  18mm =   68
 i =   7 j=  19mm =   69
 i =   7 j=  20mm =   70
 i =   8 j=  11mm =   71
 i =   8 j=  12mm =   72
 i =   8 j=  13mm =   73
 i =   8 j=  14mm =   74
 i =   8 j=  15mm =   75
 i =   8 j=  16mm =   76
 i =   8 j=  17mm =   77
 i =   8 j=  18mm =   78
 i =   8 j=  19mm =   79
 i =   8 j=  20mm =   80
 i =   9 j=  11mm =   81
 i =   9 j=  12mm =   82
 i =   9 j=  13mm =   83
 i =   9 j=  14mm =   84
 i =   9 j=  15mm =   85
 i =   9 j=  16mm =   86
 i =   9 j=  17mm =   87
 i =   9 j=  18mm =   88
 i =   9 j=  19mm =   89
 i =   9 j=  20mm =   90
 i =  10 j=  11mm =   91
 i =  10 j=  12mm =   92
 i =  10 j=  13mm =   93
 i =  10 j=  14mm =   94
 i =  10 j=  15mm =   95
 i =  10 j=  16mm =   96
 i =  10 j=  17mm =   97
 i =  10 j=  18mm =   98
 i =  10 j=  19mm =   99
 i =  10 j=  20mm =  100
 E_SCF =    -549.28567274
 CI Eigen values (relative to SCF energy) (eV)
  
  
Ex. State #:    1   Energy      2.956368
  
      64    0.1328
      73    0.2237
      82    0.4008
      91    0.8584
  
Ex. State #:    2   Energy      3.910443
  
      63   -0.1350
      72   -0.2450
      74   -0.1350
      81   -0.6324
      83   -0.2450
      92   -0.6324
  
Ex. State #:    3   Energy      4.823484
  
      53   -0.1064
      62   -0.1919
      71   -0.5335
      73   -0.1420
      75    0.1064
      82   -0.4996
      84   -0.1919
      91    0.1500
      93   -0.5335
  
Ex. State #:    4   Energy      4.878602
  
      54    0.1319
      63    0.2041
      65    0.1319
      72    0.3286
      74   -0.2041
      81    0.5569
      83   -0.3286
      92   -0.5569
  
Ex. State #:    5   Energy      5.321535
  
      44   -0.1240
      53    0.1880
      62    0.2974
      66   -0.1240
      71    0.5760
      75    0.1880
      84   -0.2974
      93   -0.5760
  
Ex. State #:    6   Energy      5.588223
  
      52    0.1593
      61    0.4637
      63    0.1106
      72    0.4486
      74    0.1106
      81   -0.1332
      83    0.4486
      85   -0.1593
      92   -0.1332
      94    0.4637
  
Ex. State #:    7   Energy      5.804702
  
      34    0.1147
      41    0.1141
      43   -0.1706
      52    0.2649
      61    0.5569
      67   -0.1147
      72    0.1852
      76   -0.1706
      83   -0.1852
      85    0.2649
      94   -0.5569
      96    0.1141
  
Ex. State #:    8   Energy      6.196643
  
      42   -0.1401
      51    0.4187
      62    0.4053
      71   -0.1024
      73    0.4052
      82   -0.1316
      84    0.4053
      86    0.1401
      93   -0.1024
      95   -0.4187
  
Ex. State #:    9   Energy      6.276295
  
      24   -0.1077
      31   -0.1285
      33    0.1572
      42   -0.2398
      51    0.5339
      62    0.2612
      68   -0.1077
      77   -0.1572
      84   -0.2612
      86   -0.2398
      95    0.5339
      97    0.1285
  
Ex. State #:   10   Energy      6.331900
  
      53   -0.1081
      55   -0.1108
      62   -0.1758
      64    0.1713
      71   -0.2915
      73    0.2929
      75    0.1081
      82    0.5837
      84   -0.1758
      91   -0.4871
      93   -0.2915
  
Ex. State #:   11   Energy      6.673031
  
      32    0.1309
      41   -0.3930
      52    0.3698
      63    0.3652
      72   -0.1021
      74    0.3652
      83   -0.1021
      85   -0.3698
      87    0.1309
      96    0.3930
  
Ex. State #:   12   Energy      6.704956
  
      14   -0.1051
      21   -0.1439
      23    0.1475
      32   -0.2194
      41    0.5138
      52   -0.2936
      69   -0.1051
      78    0.1475
      85   -0.2936
      87    0.2194
      96    0.5138
      98   -0.1439
  
Ex. State #:   13   Energy      6.914898
  
      34   -0.1005
      43    0.1475
      52   -0.2201
      54    0.1037
      61   -0.3601
      63    0.1701
      65   -0.1037
      67   -0.1005
      72    0.3731
      74    0.1701
      76   -0.1475
      81   -0.2804
      83    0.3731
      85    0.2201
      92   -0.2804
      94   -0.3601
  
Ex. State #:   14   Energy      7.040366
  
      22   -0.1301
      31    0.3806
      42   -0.3425
      53    0.3283
      64    0.3235
      75   -0.3283
      86    0.3425
      88    0.1301
      97    0.3806
  
Ex. State #:   15   Energy      7.070232
  
       2   -0.1057
       4    0.1419
      11    0.1624
      13   -0.1435
      22    0.2010
      31   -0.4968
      42    0.3080
      53   -0.1488
      70   -0.1419
      75   -0.1488
      79   -0.1435
      86    0.3080
      88    0.2010
      90    0.1057
      97    0.4968
      99    0.1624
  
Ex. State #:   16   Energy      7.135932
  
      52   -0.1032
      54    0.1454
      61   -0.1363
      63    0.2387
      65    0.1454
      72    0.4284
      74   -0.2387
      81   -0.4324
      83   -0.4284
      85   -0.1032
      92    0.4324
      94    0.1363
  
Ex. State #:   17   Energy      7.314004
  
       1    0.1020
       3   -0.1508
      12    0.1397
      21   -0.3760
      32    0.3214
      43   -0.2947
      54    0.2833
      65   -0.2833
      76    0.2947
      80   -0.1508
      87    0.3214
      89   -0.1397
      98    0.3760
     100    0.1020
  
Ex. State #:   18   Energy      7.357386
  
       1    0.1825
       3   -0.2124
      12    0.1845
      14    0.1018
      21   -0.4819
      32    0.3147
      43   -0.1766
      69    0.1018
      76   -0.1766
      80    0.2124
      87   -0.3147
      89    0.1845
      98   -0.4819
     100   -0.1825
  
Ex. State #:   19   Energy      7.431988
  
      24   -0.1270
      33    0.1773
      42   -0.2343
      51    0.3623
      55    0.1011
      62   -0.2016
      64   -0.1721
      68    0.1270
      71    0.1564
      73   -0.4303
      77    0.1773
      82    0.2466
      84   -0.2016
      86    0.2343
      93    0.1564
      95   -0.3623
  
Ex. State #:   20   Energy      7.498088
  
       2    0.2354
      11   -0.3756
      13   -0.1406
      22    0.3052
      33   -0.2600
      44    0.2465
      55    0.2416
      66   -0.2465
      77   -0.2600
      79    0.1406
      88   -0.3052
      90    0.2354
      99    0.3756
  
Ex. State #:   21   Energy      7.552708
  
       2   -0.3049
      11    0.4696
      13    0.1619
      22   -0.3209
      33    0.1949
      77   -0.1949
      79    0.1619
      88   -0.3209
      90    0.3049
      99    0.4696
  
Ex. State #:   22   Energy      7.586948
  
       1   -0.4362
      12    0.3318
      23   -0.2752
      34    0.2411
      45    0.2260
      56    0.2260
      67    0.2411
      78    0.2752
      89   -0.3318
     100   -0.4362
  
Ex. State #:   23   Energy      7.628427
  
       1    0.5328
      12   -0.3729
      23    0.2346
      34   -0.1279
      67    0.1279
      78    0.2346
      89   -0.3729
     100   -0.5328
  
Ex. State #:   24   Energy      7.860817
  
       5    0.1564
       7    0.1047
      14    0.1491
      18   -0.1255
      21    0.1007
      23   -0.1858
      29   -0.1255
      32    0.2417
      40    0.1047
      41   -0.3336
      52   -0.1190
      54   -0.1168
      60   -0.1564
      61    0.1125
      63   -0.3480
      65    0.1168
      69   -0.1491
      72    0.1664
      74   -0.3480
      78    0.1858
      83    0.1664
      85    0.1190
      87    0.2417
      94    0.1125
      96    0.3336
      98   -0.1007
  
Ex. State #:   25   Energy      7.876061
  
      42    0.1438
      44   -0.1402
      51   -0.1833
      53    0.2211
      62    0.4292
      66   -0.1402
      71   -0.4043
      75    0.2211
      84   -0.4292
      86    0.1438
      93    0.4043
      95   -0.1833
  
Ex. State #:   26   Energy      7.974476
  
      10   -0.1017
      44   -0.1258
      46    0.1203
      53    0.1926
      55    0.1688
      62    0.2873
      64   -0.2528
      66    0.1258
      71   -0.2909
      73   -0.4462
      75   -0.1926
      82    0.4058
      84    0.2873
      93   -0.2909
  
Ex. State #:   27   Energy      8.187137
  
       4    0.2355
       6   -0.1265
      11    0.1179
      13   -0.2003
      17    0.1493
      22    0.2393
      28   -0.1557
      31   -0.2763
      39   -0.1493
      50    0.1265
      51   -0.1003
      53    0.2784
      62   -0.1250
      64    0.3475
      70    0.2355
      73   -0.1015
      75   -0.2784
      79    0.2003
      84   -0.1250
      88   -0.2393
      95    0.1003
      97   -0.2763
      99   -0.1179
  
Ex. State #:   28   Energy      8.405844
  
       1    0.1306
       3   -0.3159
       5   -0.1302
      12    0.2228
      14    0.1424
      16   -0.1673
      21   -0.1870
      27    0.1651
      38   -0.1651
      41   -0.1037
      43    0.2539
      49   -0.1673
      54   -0.3026
      60    0.1302
      65    0.3026
      69   -0.1424
      76   -0.2539
      80   -0.3159
      89   -0.2228
      96    0.1037
      98    0.1870
     100    0.1306
  
Ex. State #:   29   Energy      8.513620
  
       2    0.3340
      13   -0.2535
      15   -0.1271
      22   -0.1049
      24    0.1976
      26   -0.1319
      33    0.2213
      35    0.1824
      37    0.1318
      44   -0.2630
      46    0.1791
      48   -0.1319
      55   -0.2734
      57   -0.1824
      59   -0.1271
      66    0.2630
      68   -0.1976
      77    0.2213
      79    0.2535
      88    0.1049
      90    0.3340
  
Ex. State #:   30   Energy      8.534073
  
      23   -0.1130
      32    0.1687
      34   -0.1143
      41   -0.2002
      43    0.1761
      52   -0.3697
      54   -0.1031
      61    0.3361
      63   -0.2328
      65   -0.1031
      67    0.1143
      72    0.1766
      74    0.2328
      76    0.1761
      78   -0.1130
      83   -0.1766
      85   -0.3697
      87   -0.1687
      94   -0.3361
      96   -0.2002
  
Ex. State #:   31   Energy      8.628757
  
       7    0.1119
       9    0.1182
      20   -0.1182
      25   -0.1381
      34   -0.1657
      40    0.1119
      43    0.1968
      52   -0.2977
      54    0.1502
      58   -0.1381
      61    0.3508
      63    0.2389
      65   -0.1502
      67   -0.1657
      72   -0.2378
      74    0.2389
      76   -0.1968
      83   -0.2378
      85    0.2977
      94    0.3508
  
Ex. State #:   32   Energy      8.817624
  
       4    0.1412
      11    0.2252
      13   -0.1614
      15    0.2109
      22   -0.1017
      24    0.2788
      26    0.2088
      31    0.1582
      35    0.2950
      37   -0.2040
      44    0.1053
      46    0.2946
      48    0.2088
      55    0.1131
      57   -0.2950
      59    0.2109
      66   -0.1053
      68   -0.2788
      70    0.1412
      79    0.1614
      88    0.1017
      97    0.1582
      99   -0.2252
  
Ex. State #:   33   Energy      8.819157
  
       1   -0.1548
       3    0.1157
       5   -0.1085
      14   -0.2522
      16   -0.1205
      21   -0.2103
      23    0.1334
      25   -0.2749
      27    0.1288
      34   -0.1996
      36   -0.2886
      38   -0.1288
      41   -0.1061
      45   -0.2360
      47    0.2886
      49   -0.1205
      56   -0.2360
      58   -0.2749
      60    0.1085
      67   -0.1996
      69    0.2522
      78   -0.1334
      80    0.1157
      96    0.1061
      98    0.2103
     100   -0.1548
  
Ex. State #:   34   Energy      8.849863
  
      43    0.1284
      45    0.1438
      52   -0.1913
      54    0.2309
      56   -0.1438
      61    0.2196
      63    0.3945
      65    0.2309
      72   -0.3761
      74   -0.3945
      76    0.1284
      83    0.3761
      85   -0.1913
      94   -0.2196
  
Ex. State #:   35   Energy      9.105768
  
       4    0.1016
      13   -0.1343
      22    0.1925
      31   -0.2012
      33    0.1452
      42   -0.3318
      44   -0.1152
      51   -0.3017
      53    0.2944
      62   -0.1959
      66   -0.1152
      70   -0.1016
      75    0.2944
      77   -0.1452
      79   -0.1343
      84    0.1959
      86   -0.3318
      88    0.1925
      95   -0.3017
      97    0.2012
  
Ex. State #:   36   Energy      9.175088
  
       6   -0.1638
       8    0.1309
      15   -0.1165
      19    0.1624
      24   -0.1504
      30   -0.1309
      33    0.1951
      37   -0.1067
      42   -0.2623
      46    0.1238
      50    0.1638
      51   -0.3778
      53   -0.1014
      55    0.1521
      59   -0.1165
      62    0.1369
      64   -0.2668
      68    0.1504
      73    0.2616
      75    0.1014
      77    0.1951
      84    0.1369
      86    0.2623
      95    0.3778
  
Ex. State #:   37   Energy      9.468654
  
       8    0.1040
      10    0.1918
      19   -0.1035
      26    0.1071
      28   -0.1369
      30   -0.1040
      35    0.1345
      37    0.1662
      44    0.1743
      46   -0.2044
      48    0.1071
      53   -0.2009
      55   -0.2641
      57   -0.1345
      62    0.3103
      64    0.3606
      66   -0.1743
      73   -0.4529
      75    0.2009
      84    0.3103
  
Ex. State #:   38   Energy      9.569265
  
      24   -0.1050
      33    0.1658
      35    0.1320
      42   -0.2231
      44    0.2014
      51   -0.2759
      53   -0.3718
      57    0.1320
      62    0.3417
      66    0.2014
      68   -0.1050
      75   -0.3718
      77   -0.1658
      84   -0.3417
      86   -0.2231
      95   -0.2759
  
Ex. State #:   39   Energy      9.577466
  
       3   -0.1895
       5   -0.1201
      12    0.2189
      21   -0.1842
      23    0.1146
      32   -0.3084
      34   -0.1042
      41   -0.2843
      43    0.3088
      52    0.1810
      54   -0.1166
      60   -0.1201
      65   -0.1166
      67    0.1042
      76    0.3088
      78    0.1146
      80    0.1895
      85    0.1810
      87    0.3084
      89    0.2189
      96   -0.2843
      98   -0.1842
  
Ex. State #:   40   Energy      9.612220
  
       5   -0.2178
       7   -0.1385
      14   -0.1450
      18    0.1842
      23    0.1762
      29    0.1842
      32   -0.1997
      36    0.1019
      40   -0.1385
      41   -0.4002
      45    0.1106
      47   -0.1019
      54    0.2109
      56    0.1106
      60    0.2178
      63   -0.2145
      65   -0.2109
      69    0.1450
      74   -0.2145
      78   -0.1762
      87   -0.1997
      96    0.4002
  
Ex. State #:   41   Energy      9.933777
  
       2   -0.3434
       4    0.1732
      11    0.1238
      15    0.1256
      22    0.2996
      31    0.2638
      33   -0.3080
      42   -0.1539
      44    0.1745
      59   -0.1256
      66    0.1745
      70   -0.1732
      77    0.3080
      86   -0.1539
      88    0.2996
      90    0.3434
      97   -0.2638
      99    0.1238
  
Ex. State #:   42   Energy      9.952638
  
       4    0.2477
       6   -0.1320
      11   -0.1254
      13   -0.1314
      15    0.1073
      17    0.1877
      22    0.1358
      28   -0.2044
      31    0.4063
      39   -0.1877
      44   -0.1626
      46   -0.1200
      50    0.1320
      53   -0.1835
      55   -0.2223
      59    0.1073
      64   -0.1887
      66    0.1626
      70    0.2477
      75    0.1835
      79    0.1314
      88   -0.1358
      97    0.4063
      99    0.1254
  
Ex. State #:   43   Energy     10.018640
  
       7    0.1685
       9    0.1907
      16   -0.1577
      20   -0.1907
      25   -0.1519
      34   -0.1929
      36    0.1168
      40    0.1685
      41    0.1347
      43    0.1667
      45    0.1132
      47   -0.1168
      49   -0.1577
      52    0.3903
      54    0.1956
      56    0.1132
      58   -0.1519
      63   -0.2613
      65   -0.1956
      67   -0.1929
      74   -0.2613
      76   -0.1667
      85   -0.3903
      96   -0.1347
  
Ex. State #:   44   Energy     10.180928
  
      14    0.1712
      23   -0.2387
      32    0.1936
      34   -0.1235
      41    0.3158
      43    0.3272
      52    0.2784
      54   -0.1534
      63    0.1098
      65   -0.1534
      67    0.1235
      69    0.1712
      74   -0.1098
      76    0.3272
      78   -0.2387
      85    0.2784
      87   -0.1936
      96    0.3158
  
Ex. State #:   45   Energy     10.184095
  
       1   -0.2611
       3   -0.2006
      14    0.1606
      16   -0.1344
      21    0.3464
      25    0.1220
      27    0.1796
      34   -0.1639
      38   -0.1796
      43   -0.1616
      45   -0.2611
      49   -0.1344
      54    0.1380
      56   -0.2611
      58    0.1220
      65   -0.1380
      67   -0.1639
      69   -0.1606
      76    0.1616
      80   -0.2006
      98   -0.3464
     100   -0.2611
  
Ex. State #:   46   Energy     10.254006
  
       1   -0.2416
       3    0.2860
      12   -0.2065
      14   -0.1980
      21   -0.3039
      23    0.2213
      25   -0.1579
      32    0.1897
      34   -0.2168
      52    0.1251
      58    0.1579
      67    0.2168
      69   -0.1980
      78    0.2213
      80   -0.2860
      85    0.1251
      87   -0.1897
      89   -0.2065
      98   -0.3039
     100    0.2416
  
Ex. State #:   47   Energy     10.289411
  
       2    0.3074
      11    0.3345
      13   -0.4027
      24    0.2647
      31    0.1560
      35    0.1281
      57    0.1281
      68    0.2647
      79   -0.4027
      90   -0.3074
      97   -0.1560
      99    0.3345
  
Ex. State #:   48   Energy     10.448669
  
       6   -0.2016
       8    0.1025
      11    0.3198
      13   -0.1185
      15   -0.2598
      19    0.1223
      26   -0.1520
      30   -0.1025
      31    0.2221
      37    0.1289
      42    0.2872
      44    0.1643
      48   -0.1520
      50    0.2016
      55    0.2231
      59   -0.2598
      64    0.1430
      66   -0.1643
      79    0.1185
      86   -0.2872
      97    0.2221
      99   -0.3198
  
Ex. State #:   49   Energy     10.489228
  
       1   -0.3683
       5    0.1335
      14    0.1152
      16    0.1737
      21   -0.3004
      23    0.1592
      25    0.1890
      27   -0.1928
      34   -0.1494
      36    0.2260
      38    0.1928
      45   -0.1301
      47   -0.2260
      49    0.1737
      56   -0.1301
      58    0.1890
      60   -0.1335
      67   -0.1494
      69   -0.1152
      78   -0.1592
      98    0.3004
     100   -0.3683
  
Ex. State #:   50   Energy     10.497832
  
      27    0.1034
      34    0.1079
      36   -0.1614
      38    0.1034
      43   -0.1376
      45   -0.2518
      47   -0.1614
      52   -0.1727
      54   -0.4066
      56    0.2518
      63    0.4001
      65   -0.4066
      67   -0.1079
      74   -0.4001
      76   -0.1376
      85   -0.1727
  
Ex. State #:   51   Energy     10.520949
  
       4   -0.1062
       8   -0.1629
      11    0.3160
      19   -0.1857
      24    0.1293
      26   -0.2211
      28   -0.1111
      30    0.1629
      33   -0.2016
      37    0.2556
      42   -0.3380
      46   -0.1270
      48   -0.2211
      53   -0.1515
      64   -0.2093
      68   -0.1293
      70   -0.1062
      75    0.1515
      77   -0.2016
      86    0.3380
      99   -0.3160
  
Ex. State #:   52   Energy     10.694098
  
       4    0.1545
       6   -0.1154
      13   -0.1684
      22    0.2302
      24   -0.1621
      31    0.3131
      33    0.2920
      42    0.2795
      44   -0.2098
      50   -0.1154
      53   -0.1421
      66   -0.2098
      68   -0.1621
      70   -0.1545
      75   -0.1421
      77   -0.2920
      79   -0.1684
      86    0.2795
      88    0.2302
      97   -0.3131
  
Ex. State #:   53   Energy     10.839094
  
       8   -0.1320
      10   -0.2872
      17    0.1271
      19    0.1690
      26   -0.1252
      28    0.1943
      30    0.1320
      35   -0.1374
      37   -0.2239
      39   -0.1271
      46    0.2315
      48   -0.1252
      53   -0.3377
      55    0.2127
      57    0.1374
      64    0.5500
      75    0.3377
  
Ex. State #:   54   Energy     10.886929
  
       5   -0.2052
       7   -0.1775
      14   -0.1175
      18    0.2253
      21    0.1250
      23    0.1021
      29    0.2253
      32    0.4713
      36    0.1154
      40   -0.1775
      45    0.1127
      47   -0.1154
      54   -0.2167
      56    0.1127
      60    0.2052
      65    0.2167
      69    0.1175
      78   -0.1021
      87    0.4713
      98   -0.1250
  
Ex. State #:   55   Energy     11.083978
  
       3   -0.2696
       5   -0.1747
      12    0.1838
      16   -0.1033
      21    0.3201
      23    0.2810
      32    0.2654
      34   -0.2359
      43   -0.1400
      49    0.1033
      60   -0.1747
      67    0.2359
      76   -0.1400
      78    0.2810
      80    0.2696
      87   -0.2654
      89    0.1838
      98    0.3201
  
Ex. State #:   56   Energy     11.118091
  
      15   -0.1056
      24   -0.1541
      26    0.1445
      33    0.1707
      35    0.2201
      42    0.2364
      44    0.3935
      48   -0.1445
      53    0.3677
      57    0.2201
      59    0.1056
      66    0.3935
      68   -0.1541
      75    0.3677
      77   -0.1707
      86    0.2364
  
Ex. State #:   57   Energy     11.194236
  
       2    0.1899
       4    0.1703
       6   -0.1445
      11   -0.1066
      17    0.1979
      22   -0.4728
      28   -0.2210
      31   -0.1217
      35   -0.1201
      39   -0.1979
      44    0.1802
      46   -0.1642
      50    0.1445
      55    0.1961
      57    0.1201
      66   -0.1802
      70    0.1703
      88    0.4728
      90    0.1899
      97   -0.1217
      99    0.1066
  
Ex. State #:   58   Energy     11.328085
  
       7   -0.1878
       9   -0.2464
      16    0.1807
      20    0.2464
      25    0.1286
      32    0.1014
      36   -0.1137
      40   -0.1878
      43    0.4253
      45   -0.1287
      47    0.1137
      49    0.1807
      54    0.3221
      56   -0.1287
      58    0.1286
      65   -0.3221
      76   -0.4253
      87    0.1014
  
Ex. State #:   59   Energy     11.388649
  
       2   -0.2664
       4    0.2733
      11   -0.3470
      13   -0.1962
      15    0.1767
      22   -0.2791
      24    0.1972
      33    0.1367
      35    0.1206
      57    0.1206
      59   -0.1767
      68    0.1972
      70   -0.2733
      77   -0.1367
      79   -0.1962
      88   -0.2791
      90    0.2664
      99   -0.3470
  
Ex. State #:   60   Energy     11.464160
  
       1    0.3301
       3    0.3226
      12    0.3043
      14   -0.3496
      25   -0.1731
      32    0.1008
      58    0.1731
      69   -0.3496
      80   -0.3226
      87   -0.1008
      89    0.3043
     100   -0.3301
  
Ex. State #:   61   Energy     11.466165
  
       1   -0.1898
       5   -0.1256
      12   -0.4904
      16   -0.1778
      21   -0.1657
      27    0.2531
      34    0.1552
      38   -0.2531
      45    0.1525
      49   -0.1778
      56    0.1525
      60    0.1256
      67    0.1552
      89    0.4904
      98    0.1657
     100   -0.1898
  
Ex. State #:   62   Energy     11.511398
  
       2    0.4885
      11    0.2164
      15    0.1496
      17   -0.1070
      22    0.1596
      24   -0.1498
      26    0.1855
      28    0.1107
      35   -0.1901
      37   -0.1982
      39    0.1070
      46   -0.2004
      48    0.1855
      57    0.1901
      59    0.1496
      68    0.1498
      88   -0.1596
      90    0.4885
      99   -0.2164
  
Ex. State #:   63   Energy     11.631771
  
       5   -0.1225
       7   -0.1204
      14   -0.1276
      16    0.1235
      23    0.2041
      25    0.2173
      32    0.2592
      34    0.3494
      40    0.1204
      43    0.3321
      45    0.1407
      49   -0.1235
      54   -0.1020
      56   -0.1407
      58   -0.2173
      60   -0.1225
      65   -0.1020
      67   -0.3494
      69   -0.1276
      76    0.3321
      78    0.2041
      87   -0.2592
  
Ex. State #:   64   Energy     11.757699
  
       6   -0.1862
       8    0.2225
      15   -0.1041
      19    0.2614
      30   -0.2225
      33   -0.4733
      37   -0.1223
      44   -0.2024
      50    0.1862
      55   -0.3066
      59   -0.1041
      66    0.2024
      77   -0.4733
  
Ex. State #:   65   Energy     12.025285
  
       4   -0.2295
       6    0.1890
      13    0.1803
      15    0.1389
      22    0.2858
      24    0.3321
      33    0.3026
      35    0.2068
      44   -0.1244
      50    0.1890
      57    0.2068
      59   -0.1389
      66   -0.1244
      68    0.3321
      70    0.2295
      77   -0.3026
      79    0.1803
      88    0.2858
  
Ex. State #:   66   Energy     12.034293
  
      18    0.1075
      25   -0.1090
      27   -0.1713
      29   -0.1075
      34   -0.1069
      36    0.2626
      38   -0.1713
      43   -0.1585
      45    0.3929
      47    0.2626
      54   -0.4191
      56   -0.3929
      58    0.1090
      65   -0.4191
      67    0.1069
      76   -0.1585
  
Ex. State #:   67   Energy     12.095209
  
       3    0.1337
       5   -0.1595
       7   -0.1866
      18    0.2409
      23   -0.4908
      29    0.2409
      32   -0.1093
      34   -0.1165
      36    0.1081
      40   -0.1866
      45   -0.2501
      47   -0.1081
      56   -0.2501
      60    0.1595
      67   -0.1165
      78    0.4908
      80    0.1337
      87   -0.1093
  
Ex. State #:   68   Energy     12.163433
  
       8   -0.1467
      10   -0.3347
      17    0.1337
      19    0.1861
      28    0.1872
      30    0.1467
      37   -0.1740
      39   -0.1337
      44    0.3653
      55   -0.6159
      64   -0.1162
      66   -0.3653
  
Ex. State #:   69   Energy     12.318637
  
       3    0.2467
       5    0.2929
      12    0.3078
      14    0.2641
      16    0.1640
      23    0.2988
      25    0.2068
      34   -0.1237
      49   -0.1640
      58   -0.2068
      60    0.2929
      67    0.1237
      69    0.2641
      78    0.2988
      80   -0.2467
      89    0.3078
  
Ex. State #:   70   Energy     12.360988
  
       2   -0.1539
       6    0.1556
      13   -0.5081
      17   -0.2257
      22   -0.1380
      28    0.2669
      35   -0.1960
      39    0.2257
      46   -0.2195
      50   -0.1556
      57    0.1960
      79    0.5081
      88    0.1380
      90   -0.1539
  
Ex. State #:   71   Energy     12.411806
  
       2   -0.3145
       4   -0.3843
      13   -0.2980
      15   -0.3445
      26   -0.1377
      48    0.1377
      59    0.3445
      70    0.3843
      79   -0.2980
      90    0.3145
  
Ex. State #:   72   Energy     12.435839
  
       3   -0.5095
      12   -0.1670
      16    0.1832
      23   -0.1181
      25   -0.1893
      27   -0.2115
      36   -0.2316
      38    0.2115
      47    0.2316
      49    0.1832
      58   -0.1893
      78    0.1181
      80   -0.5095
      89    0.1670
  
Ex. State #:   73   Energy     12.553144
  
       6   -0.1019
       8    0.1212
      15   -0.1094
      17   -0.1547
      24   -0.1577
      26    0.2527
      30    0.1212
      33   -0.2101
      35    0.3823
      39   -0.1547
      44   -0.3894
      48   -0.2527
      50   -0.1019
      57    0.3823
      59    0.1094
      66   -0.3894
      68   -0.1577
      77    0.2101
  
Ex. State #:   74   Energy     12.624962
  
       7    0.1697
       9    0.2774
      20   -0.2774
      27   -0.1113
      34    0.4516
      38    0.1113
      40    0.1697
      43    0.1055
      45   -0.3652
      56   -0.3652
      67    0.4516
      76   -0.1055
  
Ex. State #:   75   Energy     12.950811
  
       5   -0.2063
       7   -0.1990
      14   -0.1562
      16    0.1841
      23   -0.2500
      25    0.3685
      34   -0.3471
      36    0.1439
      40    0.1990
      47    0.1439
      49   -0.1841
      58   -0.3685
      60   -0.2063
      67    0.3471
      69   -0.1562
      78   -0.2500
  
Ex. State #:   76   Energy     12.988745
  
       4    0.1031
       6    0.1505
       8   -0.2307
      19   -0.2753
      24   -0.4877
      30    0.2307
      33   -0.1205
      35    0.2162
      46    0.3360
      50   -0.1505
      57   -0.2162
      68    0.4877
      70    0.1031
      77   -0.1205
  
Ex. State #:   77   Energy     13.241933
  
       4   -0.2288
       6    0.3110
      13   -0.2783
      15    0.3069
      17   -0.1455
      24   -0.3233
      26    0.1939
      35   -0.1165
      39   -0.1455
      48   -0.1939
      50    0.3110
      57   -0.1165
      59   -0.3069
      68   -0.3233
      70    0.2288
      79   -0.2783
  
Ex. State #:   78   Energy     13.262786
  
       3   -0.1298
       7    0.1909
      14   -0.5097
      18   -0.2650
      23   -0.1363
      25    0.1207
      29   -0.2650
      36    0.2635
      40    0.1909
      47   -0.2635
      58    0.1207
      69    0.5097
      78    0.1363
      80   -0.1298
  
Ex. State #:   79   Energy     13.344903
  
       3   -0.2885
       5    0.4236
      14   -0.3050
      16    0.3351
      49   -0.3351
      60    0.4236
      69   -0.3050
      80    0.2885
  
Ex. State #:   80   Energy     13.356066
  
       4   -0.5132
      13   -0.1528
      17    0.2183
      26    0.2437
      28   -0.2262
      37   -0.2743
      39   -0.2183
      48    0.2437
      70   -0.5132
      79    0.1528
  
Ex. State #:   81   Energy     13.407462
  
       9   -0.1102
      18   -0.1772
      20   -0.1102
      25    0.1088
      27    0.2889
      29    0.1772
      34   -0.1431
      36   -0.3669
      38    0.2889
      45    0.4324
      47   -0.3669
      56   -0.4324
      58   -0.1088
      67    0.1431
  
Ex. State #:   82   Energy     13.444190
  
       8    0.1365
      10    0.3649
      19   -0.1874
      28   -0.1697
      30   -0.1365
      35   -0.3713
      44    0.1126
      46    0.6400
      55   -0.1708
      57    0.3713
      66   -0.1126
  
Ex. State #:   83   Energy     13.816077
  
       6    0.1767
       8   -0.2050
      15    0.1259
      17    0.2335
      24   -0.2122
      26   -0.3881
      30   -0.2050
      35    0.3987
      39    0.2335
      48    0.3881
      50    0.1767
      57    0.3987
      59   -0.1259
      68   -0.2122
  
Ex. State #:   84   Energy     13.834404
  
       7   -0.1416
       9   -0.2964
      20    0.2964
      25   -0.4569
      34    0.1348
      36    0.3765
      40   -0.1416
      47   -0.3765
      58   -0.4569
      67    0.1348
  
Ex. State #:   85   Energy     14.109022
  
       5    0.2068
       7    0.3289
      14   -0.2519
      16   -0.3451
      18   -0.1010
      25    0.3559
      27    0.1392
      29    0.1010
      38    0.1392
      40   -0.3289
      49    0.3451
      58   -0.3559
      60    0.2068
      69   -0.2519
  
Ex. State #:   86   Energy     14.118114
  
       4    0.1106
       8   -0.2428
      15   -0.4972
      19   -0.3003
      24    0.1433
      26    0.2145
      30    0.2428
      37   -0.3412
      48    0.2145
      59   -0.4972
      68   -0.1433
      70    0.1106
  
Ex. State #:   87   Energy     14.224956
  
       4   -0.2707
       6   -0.4697
      15    0.3240
      17    0.2925
      26    0.1089
      39    0.2925
      48   -0.1089
      50   -0.4697
      59   -0.3240
      70    0.2707
  
Ex. State #:   88   Energy     14.229234
  
       5    0.5117
       7   -0.1362
      14   -0.1511
      16   -0.1362
      18    0.2550
      27    0.3113
      29    0.2550
      38   -0.3113
      40   -0.1362
      49   -0.1362
      60   -0.5117
      69    0.1511
  
Ex. State #:   89   Energy     14.592302
  
       7    0.1275
       9    0.1943
      18    0.2856
      20    0.1943
      25    0.1520
      27   -0.3728
      29   -0.2856
      36   -0.4399
      38   -0.3728
      40   -0.1275
      47   -0.4399
      58   -0.1520
  
Ex. State #:   90   Energy     14.600168
  
       8   -0.1252
      10   -0.4094
      19    0.1304
      26    0.3717
      30    0.1252
      35   -0.1348
      37    0.6442
      46    0.2042
      48    0.3717
      57    0.1348
  
Ex. State #:   91   Energy     14.896024
  
       6   -0.1750
       8    0.3434
      15    0.2159
      17   -0.3817
      26   -0.3978
      30    0.3434
      39   -0.3817
      48    0.3978
      50   -0.1750
      59   -0.2159
  
Ex. State #:   92   Energy     14.899473
  
       9   -0.3232
      16   -0.4622
      20    0.3232
      25    0.1508
      27   -0.3710
      38    0.3710
      49   -0.4622
      58    0.1508
  
Ex. State #:   93   Energy     15.028187
  
       5   -0.2450
       7    0.5160
      16    0.3455
      18   -0.2100
      29    0.2100
      40   -0.5160
      49   -0.3455
      60   -0.2450
  
Ex. State #:   94   Energy     15.029592
  
       6   -0.4948
       8   -0.2022
      15    0.1504
      17   -0.2375
      19   -0.3057
      28    0.3911
      30    0.2022
      39    0.2375
      50    0.4948
      59    0.1504
  
Ex. State #:   95   Energy     15.587287
  
       7   -0.1240
       9   -0.3431
      16   -0.1547
      18   -0.3948
      20   -0.3431
      27   -0.4297
      29    0.3948
      38   -0.4297
      40    0.1240
      49    0.1547
  
Ex. State #:   96   Energy     15.588382
  
      10    0.4670
      17    0.3755
      26    0.1437
      28    0.6341
      37    0.2163
      39   -0.3755
      48    0.1437
  
Ex. State #:   97   Energy     15.747001
  
       6   -0.2071
       8   -0.5619
      17   -0.3742
      30   -0.5619
      39   -0.3742
      50   -0.2071
  
Ex. State #:   98   Energy     15.747373
  
       7    0.4551
       9   -0.3097
      16    0.1488
      18    0.4030
      20    0.3097
      29    0.4030
      40    0.4551
      49    0.1488
  
Ex. State #:   99   Energy     16.375023
  
       7   -0.1457
       9    0.5699
      18   -0.3885
      20    0.5699
      29    0.3885
      40    0.1457
  
Ex. State #:  100   Energy     16.375094
  
       8    0.3637
      10   -0.4737
      17    0.1343
      19   -0.6592
      28    0.1922
      30   -0.3637
      39   -0.1343
 Done with SCI calculations
