 #TITLE:PPP                                                                     
  
 PPP Hamiltonian to be used
 Along with Ohno parameterization
 STANDARD OHNO PARAMETERS ARE BEING USED
 U=  11.1300
 r0=   1.2786
 Dielectric Constant =   1.0000
 The system is uncharged
 Total no. of atoms/cell:   2
 RHF Calculations will be performed
 Total no. of unit cells:  11
 Total no. of sites:  22
 Total no. of electrons:  22
 Convergence Threshold:    0.0000000100
 Maximum number of iterations:    100
 done with input
  
Site #     X-Coord     Y-Coord    Z-coord
  
    1    -12.70442     0.34948     0.00000
    2    -11.54945    -0.34948     0.00000
    3    -10.27903     0.34948     0.00000
    4     -9.12406    -0.34948     0.00000
    5     -7.85365     0.34948     0.00000
    6     -6.69867    -0.34948     0.00000
    7     -5.42826     0.34948     0.00000
    8     -4.27329    -0.34948     0.00000
    9     -3.00287     0.34948     0.00000
   10     -1.84790    -0.34948     0.00000
   11     -0.57749     0.34948     0.00000
   12      0.57749    -0.34948     0.00000
   13      1.84790     0.34948     0.00000
   14      3.00287    -0.34948     0.00000
   15      4.27329     0.34948     0.00000
   16      5.42826    -0.34948     0.00000
   17      6.69867     0.34948     0.00000
   18      7.85365    -0.34948     0.00000
   19      9.12406     0.34948     0.00000
   20     10.27903    -0.34948     0.00000
   21     11.54945     0.34948     0.00000
   22     12.70442    -0.34948     0.00000
  
  
 Total no. of Unique hopping elements read=      2
  
 Entering routine SCF
  
 Itr(i)     E(scf)        Ediff1(i-1)       Ediff2(i)       Evldiff(i)
  
      1    0.6030014E+03   0.0000000E+00    0.1000000E+04   0.1000000E+04
      2   -0.4342567E+02  -0.6464271E+03    0.0000000E+00   0.3516818E+01
      3   -0.4411611E+02  -0.6904421E+00   -0.6464271E+03   0.3367972E+00
      4   -0.4436657E+02  -0.2504607E+00   -0.6904421E+00   0.1877862E+00
      5   -0.4444835E+02  -0.8177626E-01   -0.2504607E+00   0.1015129E+00
      6   -0.4447356E+02  -0.2520734E-01   -0.8177626E-01   0.5451037E-01
      7   -0.4448109E+02  -0.7535079E-02   -0.2520734E-01   0.2926764E-01
      8   -0.4448331E+02  -0.2216234E-02   -0.7535079E-02   0.1573232E-01
      9   -0.4448396E+02  -0.6464269E-03   -0.2216234E-02   0.8465616E-02
     10   -0.4448414E+02  -0.1877737E-03   -0.6464269E-03   0.4558794E-02
     11   -0.4448420E+02  -0.5444254E-04   -0.1877737E-03   0.2456115E-02
     12   -0.4448421E+02  -0.1577385E-04   -0.5444254E-04   0.1323648E-02
     13   -0.4448422E+02  -0.4569696E-05   -0.1577385E-04   0.7134575E-03
     14   -0.4448422E+02  -0.1324058E-05   -0.4569696E-05   0.3845952E-03
     15   -0.4448422E+02  -0.3837472E-06   -0.1324058E-05   0.2073292E-03
     16   -0.4448422E+02  -0.1112542E-06   -0.3837472E-06   0.1117704E-03
     17   -0.4448422E+02  -0.3226398E-07   -0.1112542E-06   0.6025558E-04
     18   -0.4448422E+02  -0.9359155E-08   -0.3226398E-07   0.3248388E-04
     19   -0.4448422E+02  -0.2715410E-08   -0.9359155E-08   0.1751206E-04
     20   -0.4448422E+02  -0.7881908E-09   -0.2715410E-08   0.9440695E-05
  
 Convergence achieved after     20 iterations
  
 Final SCF energy:     -44.484219530378
  
 Nuc-Nuc energy:     583.001387694696
  
 Eigen values of the Fock Matrix
  
  
              E  1
 #      1  -3.35659
 #      2  -3.18809
 #      3  -2.90896
 #      4  -2.52148
 #      5  -2.02918
 #      6  -1.43736
 #      7  -0.75457
 #      8   0.00371
 #      9   0.80627
 #     10   1.58605
 #     11   2.20525
 #     12   8.92475
 #     13   9.54395
 #     14  10.32373
 #     15  11.12629
 #     16  11.88457
 #     17  12.56736
 #     18  13.15918
 #     19  13.65148
 #     20  14.03896
 #     21  14.31809
 #     22  14.48659
  
 Done with SCF calculations
